<?xml version="1.0" encoding="UTF-8"?>
<coverage generated="1770931708368" clover="3.2.0">
  <project timestamp="1770931708368" name="All files">
    <metrics statements="310" coveredstatements="306" conditionals="154" coveredconditionals="133" methods="105" coveredmethods="105" elements="569" coveredelements="544" complexity="0" loc="310" ncloc="310" packages="3" files="10" classes="10"/>
    <package name="src">
      <metrics statements="79" coveredstatements="77" conditionals="18" coveredconditionals="11" methods="33" coveredmethods="33"/>
      <file name="constants.ts" path="C:\Source\bloomerang\src\constants.ts">
        <metrics statements="1" coveredstatements="1" conditionals="0" coveredconditionals="0" methods="0" coveredmethods="0"/>
        <line num="7" count="1" type="stmt"/>
      </file>
      <file name="index.ts" path="C:\Source\bloomerang\src\index.ts">
        <metrics statements="78" coveredstatements="76" conditionals="18" coveredconditionals="11" methods="33" coveredmethods="33"/>
        <line num="22" count="1" type="stmt"/>
        <line num="23" count="1" type="stmt"/>
        <line num="32" count="2" type="stmt"/>
        <line num="33" count="2" type="stmt"/>
        <line num="34" count="2" type="stmt"/>
        <line num="36" count="2" type="stmt"/>
        <line num="37" count="2" type="stmt"/>
        <line num="38" count="2" type="stmt"/>
        <line num="39" count="2" type="stmt"/>
        <line num="40" count="2" type="stmt"/>
        <line num="41" count="2" type="stmt"/>
        <line num="42" count="2" type="stmt"/>
        <line num="44" count="2" type="stmt"/>
        <line num="46" count="2" type="stmt"/>
        <line num="86" count="2" type="stmt"/>
        <line num="93" count="2" type="stmt"/>
        <line num="100" count="2" type="stmt"/>
        <line num="109" count="2" type="stmt"/>
        <line num="111" count="12" type="stmt"/>
        <line num="114" count="2" type="stmt"/>
        <line num="123" count="2" type="stmt"/>
        <line num="125" count="36" type="stmt"/>
        <line num="128" count="36" type="stmt"/>
        <line num="129" count="36" type="stmt"/>
        <line num="131" count="2" type="stmt"/>
        <line num="142" count="2" type="cond" truecount="1" falsecount="1"/>
        <line num="143" count="0" type="stmt"/>
        <line num="149" count="2" type="stmt"/>
        <line num="150" count="6" type="stmt"/>
        <line num="163" count="2" type="stmt"/>
        <line num="171" count="2" type="stmt"/>
        <line num="173" count="24" type="stmt"/>
        <line num="176" count="2" type="stmt"/>
        <line num="177" count="10" type="stmt"/>
        <line num="178" count="8" type="stmt"/>
        <line num="180" count="2" type="stmt"/>
        <line num="199" count="2" type="stmt"/>
        <line num="201" count="12" type="stmt"/>
        <line num="204" count="12" type="stmt"/>
        <line num="205" count="12" type="stmt"/>
        <line num="207" count="2" type="stmt"/>
        <line num="220" count="2" type="stmt"/>
        <line num="221" count="66" type="stmt"/>
        <line num="222" count="12" type="stmt"/>
        <line num="226" count="2" type="stmt"/>
        <line num="233" count="2" type="cond" truecount="1" falsecount="1"/>
        <line num="234" count="0" type="stmt"/>
        <line num="241" count="2" type="stmt"/>
        <line num="242" count="2" type="stmt"/>
        <line num="243" count="2" type="stmt"/>
        <line num="244" count="22" type="cond" truecount="2" falsecount="0"/>
        <line num="245" count="22" type="stmt"/>
        <line num="249" count="2" type="stmt"/>
        <line num="250" count="22" type="cond" truecount="2" falsecount="0"/>
        <line num="251" count="22" type="stmt"/>
        <line num="264" count="18" type="stmt"/>
        <line num="265" count="2" type="cond" truecount="1" falsecount="1"/>
        <line num="269" count="2" type="stmt"/>
        <line num="283" count="92" type="stmt"/>
        <line num="287" count="12" type="stmt"/>
        <line num="291" count="72" type="cond" truecount="1" falsecount="1"/>
        <line num="292" count="72" type="stmt"/>
        <line num="293" count="72" type="stmt"/>
        <line num="294" count="72" type="cond" truecount="1" falsecount="1"/>
        <line num="298" count="36" type="stmt"/>
        <line num="299" count="36" type="cond" truecount="1" falsecount="1"/>
        <line num="303" count="6" type="stmt"/>
        <line num="307" count="1" type="stmt"/>
        <line num="308" count="1" type="stmt"/>
        <line num="310" count="1" type="stmt"/>
        <line num="312" count="1" type="stmt"/>
        <line num="313" count="1" type="stmt"/>
        <line num="314" count="1" type="stmt"/>
        <line num="316" count="1" type="stmt"/>
        <line num="317" count="1" type="stmt"/>
        <line num="318" count="1" type="stmt"/>
        <line num="319" count="1" type="stmt"/>
        <line num="322" count="1" type="stmt"/>
      </file>
    </package>
    <package name="src.analyzers">
      <metrics statements="224" coveredstatements="222" conditionals="136" coveredconditionals="122" methods="68" coveredmethods="68"/>
      <file name="ci-minutes.ts" path="C:\Source\bloomerang\src\analyzers\ci-minutes.ts">
        <metrics statements="18" coveredstatements="18" conditionals="8" coveredconditionals="7" methods="5" coveredmethods="5"/>
        <line num="8" count="4" type="stmt"/>
        <line num="13" count="4" type="stmt"/>
        <line num="14" count="121" type="stmt"/>
        <line num="15" count="568" type="cond" truecount="2" falsecount="0"/>
        <line num="18" count="121" type="stmt"/>
        <line num="20" count="121" type="cond" truecount="2" falsecount="0"/>
        <line num="26" count="121" type="stmt"/>
        <line num="28" count="496" type="stmt"/>
        <line num="29" count="121" type="cond" truecount="2" falsecount="0"/>
        <line num="30" count="54" type="stmt"/>
        <line num="32" count="67" type="stmt"/>
        <line num="35" count="121" type="stmt"/>
        <line num="38" count="4" type="stmt"/>
        <line num="40" count="4" type="stmt"/>
        <line num="41" count="19" type="stmt"/>
        <line num="52" count="27" type="stmt"/>
        <line num="53" count="4" type="stmt"/>
        <line num="57" count="76" type="stmt"/>
      </file>
      <file name="failures.ts" path="C:\Source\bloomerang\src\analyzers\failures.ts">
        <metrics statements="11" coveredstatements="11" conditionals="8" coveredconditionals="7" methods="2" coveredmethods="2"/>
        <line num="3" count="1" type="stmt"/>
        <line num="16" count="7" type="stmt"/>
        <line num="18" count="7" type="stmt"/>
        <line num="19" count="242" type="stmt"/>
        <line num="20" count="1136" type="cond" truecount="4" falsecount="0"/>
        <line num="21" count="110" type="stmt"/>
        <line num="35" count="7" type="stmt"/>
        <line num="39" count="117" type="stmt"/>
        <line num="40" count="319" type="cond" truecount="2" falsecount="0"/>
        <line num="41" count="98" type="stmt"/>
        <line num="44" count="19" type="stmt"/>
      </file>
      <file name="feedback.ts" path="C:\Source\bloomerang\src\analyzers\feedback.ts">
        <metrics statements="34" coveredstatements="33" conditionals="43" coveredconditionals="40" methods="6" coveredmethods="6"/>
        <line num="17" count="5" type="stmt"/>
        <line num="18" count="20" type="stmt"/>
        <line num="21" count="20" type="stmt"/>
        <line num="22" count="55" type="cond" truecount="2" falsecount="0"/>
        <line num="23" count="10" type="stmt"/>
        <line num="32" count="20" type="stmt"/>
        <line num="33" count="324" type="cond" truecount="2" falsecount="0"/>
        <line num="35" count="87" type="stmt"/>
        <line num="36" count="282" type="cond" truecount="1" falsecount="1"/>
        <line num="37" count="87" type="stmt"/>
        <line num="43" count="20" type="cond" truecount="2" falsecount="0"/>
        <line num="44" count="4" type="stmt"/>
        <line num="47" count="20" type="stmt"/>
        <line num="57" count="55" type="stmt"/>
        <line num="60" count="55" type="cond" truecount="2" falsecount="0"/>
        <line num="64" count="3" type="stmt"/>
        <line num="67" count="52" type="cond" truecount="2" falsecount="0"/>
        <line num="71" count="3" type="stmt"/>
        <line num="72" count="49" type="cond" truecount="4" falsecount="1"/>
        <line num="73" count="0" type="stmt"/>
        <line num="76" count="49" type="cond" truecount="4" falsecount="0"/>
        <line num="77" count="4" type="stmt"/>
        <line num="79" count="45" type="stmt"/>
        <line num="86" count="324" type="stmt"/>
        <line num="88" count="324" type="cond" truecount="4" falsecount="0"/>
        <line num="89" count="18" type="stmt"/>
        <line num="90" count="306" type="cond" truecount="2" falsecount="0"/>
        <line num="94" count="21" type="stmt"/>
        <line num="95" count="285" type="cond" truecount="4" falsecount="0"/>
        <line num="96" count="243" type="cond" truecount="2" falsecount="0"/>
        <line num="100" count="6" type="stmt"/>
        <line num="102" count="237" type="stmt"/>
        <line num="107" count="87" type="stmt"/>
        <line num="108" count="87" type="cond" truecount="1" falsecount="1"/>
      </file>
      <file name="flaky.ts" path="C:\Source\bloomerang\src\analyzers\flaky.ts">
        <metrics statements="35" coveredstatements="34" conditionals="25" coveredconditionals="23" methods="11" coveredmethods="11"/>
        <line num="18" count="10" type="stmt"/>
        <line num="20" count="10" type="stmt"/>
        <line num="21" count="97" type="cond" truecount="2" falsecount="0"/>
        <line num="22" count="82" type="stmt"/>
        <line num="23" count="82" type="stmt"/>
        <line num="24" count="82" type="cond" truecount="2" falsecount="0"/>
        <line num="25" count="97" type="stmt"/>
        <line num="26" count="97" type="stmt"/>
        <line num="29" count="10" type="stmt"/>
        <line num="31" count="10" type="stmt"/>
        <line num="33" count="82" type="stmt"/>
        <line num="34" count="82" type="stmt"/>
        <line num="35" count="19" type="cond" truecount="4" falsecount="0"/>
        <line num="38" count="18" type="stmt"/>
        <line num="39" count="18" type="stmt"/>
        <line num="40" count="81" type="stmt"/>
        <line num="41" count="81" type="cond" truecount="2" falsecount="0"/>
        <line num="42" count="75" type="stmt"/>
        <line num="47" count="81" type="stmt"/>
        <line num="49" count="18" type="stmt"/>
        <line num="51" count="18" type="stmt"/>
        <line num="58" count="81" type="stmt"/>
        <line num="66" count="10" type="stmt"/>
        <line num="67" count="10" type="stmt"/>
        <line num="77" count="100" type="stmt"/>
        <line num="78" count="100" type="cond" truecount="2" falsecount="0"/>
        <line num="81" count="3" type="stmt"/>
        <line num="82" count="3" type="cond" truecount="1" falsecount="1"/>
        <line num="84" count="0" type="stmt"/>
        <line num="92" count="1484" type="stmt"/>
        <line num="93" count="81" type="cond" truecount="1" falsecount="1"/>
        <line num="95" count="81" type="stmt"/>
        <line num="97" count="81" type="stmt"/>
        <line num="100" count="1734" type="cond" truecount="5" falsecount="0"/>
        <line num="105" count="455" type="cond" truecount="2" falsecount="0"/>
      </file>
      <file name="health.ts" path="C:\Source\bloomerang\src\analyzers\health.ts">
        <metrics statements="29" coveredstatements="29" conditionals="20" coveredconditionals="16" methods="10" coveredmethods="10"/>
        <line num="13" count="6" type="stmt"/>
        <line num="14" count="36" type="stmt"/>
        <line num="16" count="6" type="stmt"/>
        <line num="17" count="25" type="stmt"/>
        <line num="18" count="25" type="stmt"/>
        <line num="19" count="25" type="stmt"/>
        <line num="22" count="25" type="stmt"/>
        <line num="23" count="25" type="stmt"/>
        <line num="24" count="161" type="stmt"/>
        <line num="25" count="757" type="cond" truecount="4" falsecount="0"/>
        <line num="26" count="660" type="cond" truecount="2" falsecount="0"/>
        <line num="27" count="660" type="stmt"/>
        <line num="28" count="660" type="stmt"/>
        <line num="33" count="25" type="stmt"/>
        <line num="34" count="25" type="stmt"/>
        <line num="35" count="25" type="stmt"/>
        <line num="36" count="660" type="stmt"/>
        <line num="37" count="104" type="cond" truecount="2" falsecount="0"/>
        <line num="38" count="80" type="stmt"/>
        <line num="39" count="80" type="stmt"/>
        <line num="43" count="25" type="stmt"/>
        <line num="51" count="161" type="stmt"/>
        <line num="62" count="6" type="stmt"/>
        <line num="63" count="6" type="stmt"/>
        <line num="64" count="161" type="stmt"/>
        <line num="66" count="6" type="stmt"/>
        <line num="70" count="757" type="cond" truecount="2" falsecount="0"/>
        <line num="74" count="161" type="stmt"/>
        <line num="75" count="661" type="cond" truecount="2" falsecount="0"/>
      </file>
      <file name="prioritize.ts" path="C:\Source\bloomerang\src\analyzers\prioritize.ts">
        <metrics statements="63" coveredstatements="63" conditionals="22" coveredconditionals="19" methods="24" coveredmethods="24"/>
        <line num="15" count="1" type="stmt"/>
        <line num="18" count="1" type="stmt"/>
        <line num="21" count="1" type="stmt"/>
        <line num="39" count="10" type="stmt"/>
        <line num="42" count="10" type="stmt"/>
        <line num="43" count="11" type="stmt"/>
        <line num="44" count="11" type="stmt"/>
        <line num="60" count="10" type="stmt"/>
        <line num="61" count="22" type="cond" truecount="2" falsecount="0"/>
        <line num="62" count="15" type="stmt"/>
        <line num="63" count="483" type="stmt"/>
        <line num="67" count="15" type="stmt"/>
        <line num="68" count="483" type="stmt"/>
        <line num="70" count="516" type="cond" truecount="2" falsecount="0"/>
        <line num="73" count="15" type="stmt"/>
        <line num="76" count="15" type="stmt"/>
        <line num="93" count="10" type="stmt"/>
        <line num="94" count="21" type="stmt"/>
        <line num="96" count="10" type="cond" truecount="2" falsecount="0"/>
        <line num="98" count="5" type="stmt"/>
        <line num="99" count="11" type="stmt"/>
        <line num="101" count="5" type="cond" truecount="2" falsecount="0"/>
        <line num="102" count="4" type="stmt"/>
        <line num="103" count="121" type="stmt"/>
        <line num="107" count="4" type="cond" truecount="2" falsecount="0"/>
        <line num="108" count="4" type="stmt"/>
        <line num="110" count="4" type="stmt"/>
        <line num="130" count="54" type="stmt"/>
        <line num="132" count="10" type="stmt"/>
        <line num="133" count="10" type="stmt"/>
        <line num="134" count="9" type="stmt"/>
        <line num="135" count="9" type="cond" truecount="2" falsecount="0"/>
        <line num="136" count="9" type="stmt"/>
        <line num="137" count="9" type="stmt"/>
        <line num="139" count="10" type="stmt"/>
        <line num="140" count="9" type="stmt"/>
        <line num="141" count="9" type="stmt"/>
        <line num="153" count="9" type="stmt"/>
        <line num="160" count="10" type="stmt"/>
        <line num="163" count="79" type="stmt"/>
        <line num="164" count="10" type="stmt"/>
        <line num="170" count="10" type="cond" truecount="2" falsecount="0"/>
        <line num="172" count="39" type="stmt"/>
        <line num="173" count="39" type="stmt"/>
        <line num="174" count="39" type="stmt"/>
        <line num="176" count="8" type="stmt"/>
        <line num="177" count="39" type="stmt"/>
        <line num="178" count="39" type="stmt"/>
        <line num="179" count="39" type="stmt"/>
        <line num="180" count="39" type="stmt"/>
        <line num="191" count="11" type="stmt"/>
        <line num="196" count="11" type="cond" truecount="2" falsecount="0"/>
        <line num="197" count="10" type="stmt"/>
        <line num="199" count="11" type="stmt"/>
        <line num="203" count="15" type="stmt"/>
        <line num="213" count="24" type="stmt"/>
        <line num="217" count="15" type="cond" truecount="1" falsecount="1"/>
        <line num="218" count="15" type="stmt"/>
        <line num="219" count="15" type="stmt"/>
        <line num="220" count="15" type="cond" truecount="1" falsecount="1"/>
        <line num="224" count="9" type="stmt"/>
        <line num="225" count="9" type="cond" truecount="1" falsecount="1"/>
        <line num="229" count="156" type="stmt"/>
      </file>
      <file name="time-wasted.ts" path="C:\Source\bloomerang\src\analyzers\time-wasted.ts">
        <metrics statements="34" coveredstatements="34" conditionals="10" coveredconditionals="10" methods="10" coveredmethods="10"/>
        <line num="11" count="4" type="stmt"/>
        <line num="13" count="4" type="stmt"/>
        <line num="14" count="4" type="stmt"/>
        <line num="15" count="4" type="stmt"/>
        <line num="17" count="4" type="stmt"/>
        <line num="18" count="48" type="stmt"/>
        <line num="19" count="48" type="stmt"/>
        <line num="20" count="48" type="stmt"/>
        <line num="25" count="4" type="stmt"/>
        <line num="26" count="16" type="stmt"/>
        <line num="29" count="4" type="stmt"/>
        <line num="30" count="4" type="stmt"/>
        <line num="32" count="4" type="stmt"/>
        <line num="43" count="4" type="stmt"/>
        <line num="44" count="4" type="stmt"/>
        <line num="45" count="160" type="stmt"/>
        <line num="46" count="160" type="cond" truecount="2" falsecount="0"/>
        <line num="47" count="160" type="stmt"/>
        <line num="48" count="160" type="stmt"/>
        <line num="51" count="4" type="stmt"/>
        <line num="53" count="4" type="stmt"/>
        <line num="54" count="80" type="cond" truecount="2" falsecount="0"/>
        <line num="57" count="52" type="stmt"/>
        <line num="59" count="80" type="stmt"/>
        <line num="63" count="52" type="stmt"/>
        <line num="64" count="560" type="stmt"/>
        <line num="67" count="52" type="cond" truecount="2" falsecount="0"/>
        <line num="70" count="48" type="stmt"/>
        <line num="72" count="336" type="cond" truecount="2" falsecount="0"/>
        <line num="76" count="48" type="stmt"/>
        <line num="80" count="124" type="stmt"/>
        <line num="81" count="68" type="stmt"/>
        <line num="88" count="112" type="stmt"/>
        <line num="89" count="4" type="stmt"/>
      </file>
    </package>
    <package name="src.data">
      <metrics statements="7" coveredstatements="7" conditionals="0" coveredconditionals="0" methods="4" coveredmethods="4"/>
      <file name="loader.ts" path="C:\Source\bloomerang\src\data\loader.ts">
        <metrics statements="7" coveredstatements="7" conditionals="0" coveredconditionals="0" methods="4" coveredmethods="4"/>
        <line num="6" count="1" type="stmt"/>
        <line num="9" count="26" type="stmt"/>
        <line num="10" count="26" type="stmt"/>
        <line num="11" count="26" type="stmt"/>
        <line num="15" count="14" type="stmt"/>
        <line num="19" count="7" type="stmt"/>
        <line num="23" count="5" type="stmt"/>
      </file>
    </package>
  </project>
</coverage>
