{"C:\\Source\\bloomerang\\src\\constants.ts": {"path":"C:\\Source\\bloomerang\\src\\constants.ts","statementMap":{"0":{"start":{"line":7,"column":42},"end":{"line":7,"column":null}}},"fnMap":{},"branchMap":{},"s":{"0":1},"f":{},"b":{},"meta":{"lastBranch":0,"lastFunction":0,"lastStatement":1,"seen":{"s:7:42:7:Infinity":0}}}
,"C:\\Source\\bloomerang\\src\\index.ts": {"path":"C:\\Source\\bloomerang\\src\\index.ts","statementMap":{"0":{"start":{"line":22,"column":6},"end":{"line":22,"column":null}},"1":{"start":{"line":23,"column":6},"end":{"line":23,"column":null}},"2":{"start":{"line":32,"column":15},"end":{"line":32,"column":null}},"3":{"start":{"line":33,"column":20},"end":{"line":33,"column":null}},"4":{"start":{"line":34,"column":19},"end":{"line":34,"column":null}},"5":{"start":{"line":36,"column":8},"end":{"line":36,"column":null}},"6":{"start":{"line":37,"column":8},"end":{"line":37,"column":null}},"7":{"start":{"line":38,"column":8},"end":{"line":38,"column":null}},"8":{"start":{"line":39,"column":8},"end":{"line":39,"column":null}},"9":{"start":{"line":40,"column":8},"end":{"line":40,"column":null}},"10":{"start":{"line":41,"column":8},"end":{"line":41,"column":null}},"11":{"start":{"line":42,"column":8},"end":{"line":42,"column":null}},"12":{"start":{"line":44,"column":8},"end":{"line":44,"column":null}},"13":{"start":{"line":46,"column":2},"end":{"line":80,"column":null}},"14":{"start":{"line":86,"column":2},"end":{"line":88,"column":null}},"15":{"start":{"line":93,"column":2},"end":{"line":95,"column":null}},"16":{"start":{"line":100,"column":2},"end":{"line":102,"column":null}},"17":{"start":{"line":109,"column":15},"end":{"line":112,"column":null}},"18":{"start":{"line":111,"column":6},"end":{"line":111,"column":null}},"19":{"start":{"line":114,"column":2},"end":{"line":118,"column":null}},"20":{"start":{"line":123,"column":15},"end":{"line":126,"column":null}},"21":{"start":{"line":125,"column":6},"end":{"line":125,"column":null}},"22":{"start":{"line":128,"column":19},"end":{"line":128,"column":null}},"23":{"start":{"line":128,"column":42},"end":{"line":128,"column":74}},"24":{"start":{"line":129,"column":20},"end":{"line":129,"column":null}},"25":{"start":{"line":129,"column":43},"end":{"line":129,"column":70}},"26":{"start":{"line":131,"column":2},"end":{"line":137,"column":null}},"27":{"start":{"line":142,"column":2},"end":{"line":147,"column":null}},"28":{"start":{"line":143,"column":4},"end":{"line":143,"column":null}},"29":{"start":{"line":149,"column":19},"end":{"line":161,"column":null}},"30":{"start":{"line":150,"column":4},"end":{"line":159,"column":null}},"31":{"start":{"line":163,"column":2},"end":{"line":167,"column":null}},"32":{"start":{"line":171,"column":20},"end":{"line":174,"column":null}},"33":{"start":{"line":173,"column":6},"end":{"line":173,"column":null}},"34":{"start":{"line":176,"column":19},"end":{"line":178,"column":null}},"35":{"start":{"line":177,"column":28},"end":{"line":177,"column":33}},"36":{"start":{"line":178,"column":26},"end":{"line":178,"column":63}},"37":{"start":{"line":180,"column":2},"end":{"line":194,"column":null}},"38":{"start":{"line":199,"column":15},"end":{"line":202,"column":null}},"39":{"start":{"line":201,"column":6},"end":{"line":201,"column":null}},"40":{"start":{"line":204,"column":19},"end":{"line":204,"column":null}},"41":{"start":{"line":204,"column":46},"end":{"line":204,"column":66}},"42":{"start":{"line":205,"column":22},"end":{"line":205,"column":null}},"43":{"start":{"line":205,"column":49},"end":{"line":205,"column":70}},"44":{"start":{"line":207,"column":2},"end":{"line":213,"column":null}},"45":{"start":{"line":220,"column":19},"end":{"line":224,"column":null}},"46":{"start":{"line":221,"column":25},"end":{"line":221,"column":null}},"47":{"start":{"line":221,"column":47},"end":{"line":221,"column":57}},"48":{"start":{"line":222,"column":4},"end":{"line":223,"column":null}},"49":{"start":{"line":226,"column":2},"end":{"line":228,"column":null}},"50":{"start":{"line":233,"column":2},"end":{"line":238,"column":null}},"51":{"start":{"line":234,"column":4},"end":{"line":234,"column":null}},"52":{"start":{"line":241,"column":20},"end":{"line":241,"column":null}},"53":{"start":{"line":242,"column":20},"end":{"line":242,"column":null}},"54":{"start":{"line":243,"column":15},"end":{"line":246,"column":null}},"55":{"start":{"line":244,"column":17},"end":{"line":244,"column":null}},"56":{"start":{"line":245,"column":4},"end":{"line":245,"column":null}},"57":{"start":{"line":249,"column":18},"end":{"line":262,"column":null}},"58":{"start":{"line":250,"column":21},"end":{"line":250,"column":null}},"59":{"start":{"line":251,"column":4},"end":{"line":260,"column":null}},"60":{"start":{"line":264,"column":21},"end":{"line":264,"column":null}},"61":{"start":{"line":264,"column":40},"end":{"line":264,"column":46}},"62":{"start":{"line":265,"column":19},"end":{"line":267,"column":null}},"63":{"start":{"line":269,"column":2},"end":{"line":277,"column":null}},"64":{"start":{"line":283,"column":2},"end":{"line":283,"column":null}},"65":{"start":{"line":287,"column":2},"end":{"line":287,"column":null}},"66":{"start":{"line":291,"column":2},"end":{"line":291,"column":null}},"67":{"start":{"line":291,"column":16},"end":{"line":291,"column":null}},"68":{"start":{"line":292,"column":14},"end":{"line":292,"column":null}},"69":{"start":{"line":293,"column":17},"end":{"line":293,"column":null}},"70":{"start":{"line":294,"column":2},"end":{"line":294,"column":null}},"71":{"start":{"line":298,"column":16},"end":{"line":298,"column":null}},"72":{"start":{"line":299,"column":2},"end":{"line":299,"column":null}},"73":{"start":{"line":303,"column":2},"end":{"line":303,"column":null}},"74":{"start":{"line":307,"column":8},"end":{"line":307,"column":null}},"75":{"start":{"line":308,"column":2},"end":{"line":308,"column":null}},"76":{"start":{"line":310,"column":18},"end":{"line":310,"column":null}},"77":{"start":{"line":312,"column":2},"end":{"line":312,"column":null}},"78":{"start":{"line":313,"column":2},"end":{"line":313,"column":null}},"79":{"start":{"line":314,"column":2},"end":{"line":314,"column":null}},"80":{"start":{"line":316,"column":2},"end":{"line":316,"column":null}},"81":{"start":{"line":317,"column":2},"end":{"line":317,"column":null}},"82":{"start":{"line":318,"column":2},"end":{"line":318,"column":null}},"83":{"start":{"line":319,"column":2},"end":{"line":319,"column":null}},"84":{"start":{"line":322,"column":0},"end":{"line":322,"column":null}}},"fnMap":{"0":{"name":"generateReports","decl":{"start":{"line":31,"column":16},"end":{"line":31,"column":43}},"loc":{"start":{"line":31,"column":43},"end":{"line":81,"column":null}},"line":31},"1":{"name":"renderPipelineHealthHeader","decl":{"start":{"line":85,"column":9},"end":{"line":85,"column":36}},"loc":{"start":{"line":85,"column":63},"end":{"line":90,"column":null}},"line":85},"2":{"name":"renderFlakyTestsHeader","decl":{"start":{"line":92,"column":9},"end":{"line":92,"column":32}},"loc":{"start":{"line":92,"column":59},"end":{"line":97,"column":null}},"line":92},"3":{"name":"renderRecommendationsHeader","decl":{"start":{"line":99,"column":9},"end":{"line":99,"column":37}},"loc":{"start":{"line":99,"column":64},"end":{"line":104,"column":null}},"line":99},"4":{"name":"renderHealthSummary","decl":{"start":{"line":108,"column":9},"end":{"line":108,"column":29}},"loc":{"start":{"line":108,"column":59},"end":{"line":120,"column":null}},"line":108},"5":{"name":"(anonymous_5)","decl":{"start":{"line":110,"column":4},"end":{"line":110,"column":5}},"loc":{"start":{"line":111,"column":6},"end":{"line":111,"column":null}},"line":111},"6":{"name":"renderFailureAnalysis","decl":{"start":{"line":122,"column":9},"end":{"line":122,"column":31}},"loc":{"start":{"line":122,"column":66},"end":{"line":139,"column":null}},"line":122},"7":{"name":"(anonymous_7)","decl":{"start":{"line":124,"column":4},"end":{"line":124,"column":5}},"loc":{"start":{"line":125,"column":6},"end":{"line":125,"column":null}},"line":125},"8":{"name":"(anonymous_8)","decl":{"start":{"line":128,"column":35},"end":{"line":128,"column":36}},"loc":{"start":{"line":128,"column":42},"end":{"line":128,"column":74}},"line":128},"9":{"name":"(anonymous_9)","decl":{"start":{"line":129,"column":36},"end":{"line":129,"column":37}},"loc":{"start":{"line":129,"column":43},"end":{"line":129,"column":70}},"line":129},"10":{"name":"renderFlakyTests","decl":{"start":{"line":141,"column":9},"end":{"line":141,"column":26}},"loc":{"start":{"line":141,"column":59},"end":{"line":168,"column":null}},"line":141},"11":{"name":"(anonymous_11)","decl":{"start":{"line":149,"column":34},"end":{"line":149,"column":35}},"loc":{"start":{"line":149,"column":45},"end":{"line":161,"column":3}},"line":149},"12":{"name":"renderTimeWasted","decl":{"start":{"line":170,"column":9},"end":{"line":170,"column":26}},"loc":{"start":{"line":170,"column":57},"end":{"line":196,"column":null}},"line":170},"13":{"name":"(anonymous_13)","decl":{"start":{"line":172,"column":4},"end":{"line":172,"column":5}},"loc":{"start":{"line":173,"column":6},"end":{"line":173,"column":null}},"line":173},"14":{"name":"(anonymous_14)","decl":{"start":{"line":177,"column":10},"end":{"line":177,"column":11}},"loc":{"start":{"line":177,"column":28},"end":{"line":177,"column":33}},"line":177},"15":{"name":"(anonymous_15)","decl":{"start":{"line":178,"column":9},"end":{"line":178,"column":10}},"loc":{"start":{"line":178,"column":26},"end":{"line":178,"column":63}},"line":178},"16":{"name":"renderCIMinutes","decl":{"start":{"line":198,"column":9},"end":{"line":198,"column":25}},"loc":{"start":{"line":198,"column":59},"end":{"line":215,"column":null}},"line":198},"17":{"name":"(anonymous_17)","decl":{"start":{"line":200,"column":4},"end":{"line":200,"column":5}},"loc":{"start":{"line":201,"column":6},"end":{"line":201,"column":null}},"line":201},"18":{"name":"(anonymous_18)","decl":{"start":{"line":204,"column":36},"end":{"line":204,"column":37}},"loc":{"start":{"line":204,"column":46},"end":{"line":204,"column":66}},"line":204},"19":{"name":"(anonymous_19)","decl":{"start":{"line":205,"column":39},"end":{"line":205,"column":40}},"loc":{"start":{"line":205,"column":49},"end":{"line":205,"column":70}},"line":205},"20":{"name":"renderFeedbackCorrelation","decl":{"start":{"line":217,"column":9},"end":{"line":217,"column":null}},"loc":{"start":{"line":219,"column":10},"end":{"line":230,"column":null}},"line":219},"21":{"name":"(anonymous_21)","decl":{"start":{"line":220,"column":36},"end":{"line":220,"column":37}},"loc":{"start":{"line":220,"column":43},"end":{"line":224,"column":3}},"line":220},"22":{"name":"(anonymous_22)","decl":{"start":{"line":221,"column":40},"end":{"line":221,"column":41}},"loc":{"start":{"line":221,"column":47},"end":{"line":221,"column":57}},"line":221},"23":{"name":"renderPrioritizedIssues","decl":{"start":{"line":232,"column":9},"end":{"line":232,"column":33}},"loc":{"start":{"line":232,"column":69},"end":{"line":278,"column":null}},"line":232},"24":{"name":"(anonymous_24)","decl":{"start":{"line":243,"column":26},"end":{"line":243,"column":27}},"loc":{"start":{"line":243,"column":40},"end":{"line":246,"column":3}},"line":243},"25":{"name":"(anonymous_25)","decl":{"start":{"line":249,"column":29},"end":{"line":249,"column":30}},"loc":{"start":{"line":249,"column":43},"end":{"line":262,"column":3}},"line":249},"26":{"name":"(anonymous_26)","decl":{"start":{"line":264,"column":33},"end":{"line":264,"column":34}},"loc":{"start":{"line":264,"column":40},"end":{"line":264,"column":46}},"line":264},"27":{"name":"shortRepo","decl":{"start":{"line":282,"column":9},"end":{"line":282,"column":19}},"loc":{"start":{"line":282,"column":41},"end":{"line":284,"column":null}},"line":282},"28":{"name":"pct","decl":{"start":{"line":286,"column":9},"end":{"line":286,"column":13}},"loc":{"start":{"line":286,"column":35},"end":{"line":288,"column":null}},"line":286},"29":{"name":"fmtDuration","decl":{"start":{"line":290,"column":9},"end":{"line":290,"column":21}},"loc":{"start":{"line":290,"column":42},"end":{"line":295,"column":null}},"line":290},"30":{"name":"truncate","decl":{"start":{"line":297,"column":9},"end":{"line":297,"column":18}},"loc":{"start":{"line":297,"column":53},"end":{"line":300,"column":null}},"line":297},"31":{"name":"round1","decl":{"start":{"line":302,"column":9},"end":{"line":302,"column":16}},"loc":{"start":{"line":302,"column":35},"end":{"line":304,"column":null}},"line":302},"32":{"name":"main","decl":{"start":{"line":306,"column":9},"end":{"line":306,"column":16}},"loc":{"start":{"line":306,"column":16},"end":{"line":320,"column":null}},"line":306}},"branchMap":{"0":{"loc":{"start":{"line":142,"column":2},"end":{"line":147,"column":null}},"type":"if","locations":[{"start":{"line":142,"column":2},"end":{"line":147,"column":null}},{"start":{},"end":{}}],"line":142},"1":{"loc":{"start":{"line":158,"column":28},"end":{"line":158,"column":74}},"type":"binary-expr","locations":[{"start":{"line":158,"column":28},"end":{"line":158,"column":59}},{"start":{"line":158,"column":59},"end":{"line":158,"column":74}}],"line":158},"2":{"loc":{"start":{"line":233,"column":2},"end":{"line":238,"column":null}},"type":"if","locations":[{"start":{"line":233,"column":2},"end":{"line":238,"column":null}},{"start":{},"end":{}}],"line":233},"3":{"loc":{"start":{"line":244,"column":17},"end":{"line":244,"column":null}},"type":"cond-expr","locations":[{"start":{"line":244,"column":30},"end":{"line":244,"column":37}},{"start":{"line":244,"column":37},"end":{"line":244,"column":null}}],"line":244},"4":{"loc":{"start":{"line":250,"column":21},"end":{"line":250,"column":null}},"type":"cond-expr","locations":[{"start":{"line":250,"column":34},"end":{"line":250,"column":60}},{"start":{"line":250,"column":60},"end":{"line":250,"column":null}}],"line":250},"5":{"loc":{"start":{"line":265,"column":19},"end":{"line":267,"column":null}},"type":"cond-expr","locations":[{"start":{"line":266,"column":6},"end":{"line":266,"column":null}},{"start":{"line":267,"column":6},"end":{"line":267,"column":null}}],"line":265},"6":{"loc":{"start":{"line":291,"column":2},"end":{"line":291,"column":null}},"type":"if","locations":[{"start":{"line":291,"column":2},"end":{"line":291,"column":null}},{"start":{},"end":{}}],"line":291},"7":{"loc":{"start":{"line":294,"column":9},"end":{"line":294,"column":null}},"type":"cond-expr","locations":[{"start":{"line":294,"column":22},"end":{"line":294,"column":45}},{"start":{"line":294,"column":45},"end":{"line":294,"column":null}}],"line":294},"8":{"loc":{"start":{"line":299,"column":9},"end":{"line":299,"column":null}},"type":"cond-expr","locations":[{"start":{"line":299,"column":33},"end":{"line":299,"column":64}},{"start":{"line":299,"column":64},"end":{"line":299,"column":null}}],"line":299}},"s":{"0":1,"1":1,"2":2,"3":2,"4":2,"5":2,"6":2,"7":2,"8":2,"9":2,"10":2,"11":2,"12":2,"13":2,"14":2,"15":2,"16":2,"17":2,"18":12,"19":2,"20":2,"21":36,"22":2,"23":36,"24":2,"25":36,"26":2,"27":2,"28":0,"29":2,"30":6,"31":2,"32":2,"33":24,"34":2,"35":10,"36":8,"37":2,"38":2,"39":12,"40":2,"41":12,"42":2,"43":12,"44":2,"45":2,"46":12,"47":66,"48":12,"49":2,"50":2,"51":0,"52":2,"53":2,"54":2,"55":22,"56":22,"57":2,"58":22,"59":22,"60":2,"61":18,"62":2,"63":2,"64":92,"65":12,"66":72,"67":0,"68":72,"69":72,"70":72,"71":36,"72":36,"73":6,"74":1,"75":1,"76":1,"77":1,"78":1,"79":1,"80":1,"81":1,"82":1,"83":1,"84":1},"f":{"0":2,"1":2,"2":2,"3":2,"4":2,"5":12,"6":2,"7":36,"8":36,"9":36,"10":2,"11":6,"12":2,"13":24,"14":10,"15":8,"16":2,"17":12,"18":12,"19":12,"20":2,"21":12,"22":66,"23":2,"24":22,"25":22,"26":18,"27":92,"28":12,"29":72,"30":36,"31":6,"32":1},"b":{"0":[0,2],"1":[6,0],"2":[0,2],"3":[6,16],"4":[6,16],"5":[2,0],"6":[0,72],"7":[72,0],"8":[36,0]},"meta":{"lastBranch":9,"lastFunction":33,"lastStatement":85,"seen":{"s:22:6:22:Infinity":0,"s:23:6:23:Infinity":1,"f:31:16:31:43":0,"s:32:15:32:Infinity":2,"s:33:20:33:Infinity":3,"s:34:19:34:Infinity":4,"s:36:8:36:Infinity":5,"s:37:8:37:Infinity":6,"s:38:8:38:Infinity":7,"s:39:8:39:Infinity":8,"s:40:8:40:Infinity":9,"s:41:8:41:Infinity":10,"s:42:8:42:Infinity":11,"s:44:8:44:Infinity":12,"s:46:2:80:Infinity":13,"f:85:9:85:36":1,"s:86:2:88:Infinity":14,"f:92:9:92:32":2,"s:93:2:95:Infinity":15,"f:99:9:99:37":3,"s:100:2:102:Infinity":16,"f:108:9:108:29":4,"s:109:15:112:Infinity":17,"f:110:4:110:5":5,"s:111:6:111:Infinity":18,"s:114:2:118:Infinity":19,"f:122:9:122:31":6,"s:123:15:126:Infinity":20,"f:124:4:124:5":7,"s:125:6:125:Infinity":21,"s:128:19:128:Infinity":22,"f:128:35:128:36":8,"s:128:42:128:74":23,"s:129:20:129:Infinity":24,"f:129:36:129:37":9,"s:129:43:129:70":25,"s:131:2:137:Infinity":26,"f:141:9:141:26":10,"b:142:2:147:Infinity:undefined:undefined:undefined:undefined":0,"s:142:2:147:Infinity":27,"s:143:4:143:Infinity":28,"s:149:19:161:Infinity":29,"f:149:34:149:35":11,"s:150:4:159:Infinity":30,"b:158:28:158:59:158:59:158:74":1,"s:163:2:167:Infinity":31,"f:170:9:170:26":12,"s:171:20:174:Infinity":32,"f:172:4:172:5":13,"s:173:6:173:Infinity":33,"s:176:19:178:Infinity":34,"f:177:10:177:11":14,"s:177:28:177:33":35,"f:178:9:178:10":15,"s:178:26:178:63":36,"s:180:2:194:Infinity":37,"f:198:9:198:25":16,"s:199:15:202:Infinity":38,"f:200:4:200:5":17,"s:201:6:201:Infinity":39,"s:204:19:204:Infinity":40,"f:204:36:204:37":18,"s:204:46:204:66":41,"s:205:22:205:Infinity":42,"f:205:39:205:40":19,"s:205:49:205:70":43,"s:207:2:213:Infinity":44,"f:217:9:217:Infinity":20,"s:220:19:224:Infinity":45,"f:220:36:220:37":21,"s:221:25:221:Infinity":46,"f:221:40:221:41":22,"s:221:47:221:57":47,"s:222:4:223:Infinity":48,"s:226:2:228:Infinity":49,"f:232:9:232:33":23,"b:233:2:238:Infinity:undefined:undefined:undefined:undefined":2,"s:233:2:238:Infinity":50,"s:234:4:234:Infinity":51,"s:241:20:241:Infinity":52,"s:242:20:242:Infinity":53,"s:243:15:246:Infinity":54,"f:243:26:243:27":24,"s:244:17:244:Infinity":55,"b:244:30:244:37:244:37:244:Infinity":3,"s:245:4:245:Infinity":56,"s:249:18:262:Infinity":57,"f:249:29:249:30":25,"s:250:21:250:Infinity":58,"b:250:34:250:60:250:60:250:Infinity":4,"s:251:4:260:Infinity":59,"s:264:21:264:Infinity":60,"f:264:33:264:34":26,"s:264:40:264:46":61,"s:265:19:267:Infinity":62,"b:266:6:266:Infinity:267:6:267:Infinity":5,"s:269:2:277:Infinity":63,"f:282:9:282:19":27,"s:283:2:283:Infinity":64,"f:286:9:286:13":28,"s:287:2:287:Infinity":65,"f:290:9:290:21":29,"b:291:2:291:Infinity:undefined:undefined:undefined:undefined":6,"s:291:2:291:Infinity":66,"s:291:16:291:Infinity":67,"s:292:14:292:Infinity":68,"s:293:17:293:Infinity":69,"s:294:2:294:Infinity":70,"b:294:22:294:45:294:45:294:Infinity":7,"f:297:9:297:18":30,"s:298:16:298:Infinity":71,"s:299:2:299:Infinity":72,"b:299:33:299:64:299:64:299:Infinity":8,"f:302:9:302:16":31,"s:303:2:303:Infinity":73,"f:306:9:306:16":32,"s:307:8:307:Infinity":74,"s:308:2:308:Infinity":75,"s:310:18:310:Infinity":76,"s:312:2:312:Infinity":77,"s:313:2:313:Infinity":78,"s:314:2:314:Infinity":79,"s:316:2:316:Infinity":80,"s:317:2:317:Infinity":81,"s:318:2:318:Infinity":82,"s:319:2:319:Infinity":83,"s:322:0:322:Infinity":84}}}
,"C:\\Source\\bloomerang\\src\\analyzers\\ci-minutes.ts": {"path":"C:\\Source\\bloomerang\\src\\analyzers\\ci-minutes.ts","statementMap":{"0":{"start":{"line":8,"column":17},"end":{"line":11,"column":null}},"1":{"start":{"line":13,"column":2},"end":{"line":36,"column":null}},"2":{"start":{"line":14,"column":24},"end":{"line":17,"column":null}},"3":{"start":{"line":15,"column":18},"end":{"line":15,"column":null}},"4":{"start":{"line":18,"column":24},"end":{"line":18,"column":null}},"5":{"start":{"line":20,"column":21},"end":{"line":24,"column":null}},"6":{"start":{"line":26,"column":4},"end":{"line":26,"column":null}},"7":{"start":{"line":28,"column":22},"end":{"line":28,"column":null}},"8":{"start":{"line":28,"column":43},"end":{"line":28,"column":65}},"9":{"start":{"line":29,"column":4},"end":{"line":33,"column":null}},"10":{"start":{"line":30,"column":6},"end":{"line":30,"column":null}},"11":{"start":{"line":32,"column":6},"end":{"line":32,"column":null}},"12":{"start":{"line":35,"column":4},"end":{"line":35,"column":null}},"13":{"start":{"line":38,"column":33},"end":{"line":38,"column":null}},"14":{"start":{"line":40,"column":2},"end":{"line":49,"column":null}},"15":{"start":{"line":41,"column":4},"end":{"line":48,"column":null}},"16":{"start":{"line":52,"column":2},"end":{"line":52,"column":null}},"17":{"start":{"line":52,"column":25},"end":{"line":52,"column":58}},"18":{"start":{"line":53,"column":2},"end":{"line":53,"column":null}},"19":{"start":{"line":57,"column":2},"end":{"line":57,"column":null}}},"fnMap":{"0":{"name":"analyzeCIMinutes","decl":{"start":{"line":7,"column":16},"end":{"line":7,"column":33}},"loc":{"start":{"line":7,"column":61},"end":{"line":54,"column":null}},"line":7},"1":{"name":"(anonymous_1)","decl":{"start":{"line":15,"column":6},"end":{"line":15,"column":7}},"loc":{"start":{"line":15,"column":18},"end":{"line":15,"column":null}},"line":15},"2":{"name":"(anonymous_2)","decl":{"start":{"line":28,"column":36},"end":{"line":28,"column":37}},"loc":{"start":{"line":28,"column":43},"end":{"line":28,"column":65}},"line":28},"3":{"name":"(anonymous_3)","decl":{"start":{"line":52,"column":15},"end":{"line":52,"column":16}},"loc":{"start":{"line":52,"column":25},"end":{"line":52,"column":58}},"line":52},"4":{"name":"round1","decl":{"start":{"line":56,"column":9},"end":{"line":56,"column":16}},"loc":{"start":{"line":56,"column":35},"end":{"line":58,"column":null}},"line":56}},"branchMap":{"0":{"loc":{"start":{"line":15,"column":25},"end":{"line":15,"column":null}},"type":"binary-expr","locations":[{"start":{"line":15,"column":25},"end":{"line":15,"column":43}},{"start":{"line":15,"column":43},"end":{"line":15,"column":null}}],"line":15},"1":{"loc":{"start":{"line":20,"column":21},"end":{"line":24,"column":null}},"type":"binary-expr","locations":[{"start":{"line":20,"column":21},"end":{"line":20,"column":45}},{"start":{"line":20,"column":45},"end":{"line":24,"column":null}}],"line":20},"2":{"loc":{"start":{"line":29,"column":4},"end":{"line":33,"column":null}},"type":"if","locations":[{"start":{"line":29,"column":4},"end":{"line":33,"column":null}},{"start":{"line":31,"column":11},"end":{"line":33,"column":null}}],"line":29},"3":{"loc":{"start":{"line":47,"column":8},"end":{"line":47,"column":null}},"type":"cond-expr","locations":[{"start":{"line":47,"column":25},"end":{"line":47,"column":68}},{"start":{"line":47,"column":68},"end":{"line":47,"column":null}}],"line":47}},"s":{"0":4,"1":4,"2":121,"3":568,"4":121,"5":121,"6":121,"7":121,"8":496,"9":121,"10":54,"11":67,"12":121,"13":4,"14":4,"15":19,"16":4,"17":27,"18":4,"19":76},"f":{"0":4,"1":568,"2":496,"3":27,"4":76},"b":{"0":[568,72],"1":[121,19],"2":[54,67],"3":[19,0]},"meta":{"lastBranch":4,"lastFunction":5,"lastStatement":20,"seen":{"f:7:16:7:33":0,"s:8:17:11:Infinity":0,"s:13:2:36:Infinity":1,"s:14:24:17:Infinity":2,"f:15:6:15:7":1,"s:15:18:15:Infinity":3,"b:15:25:15:43:15:43:15:Infinity":0,"s:18:24:18:Infinity":4,"s:20:21:24:Infinity":5,"b:20:21:20:45:20:45:24:Infinity":1,"s:26:4:26:Infinity":6,"s:28:22:28:Infinity":7,"f:28:36:28:37":2,"s:28:43:28:65":8,"b:29:4:33:Infinity:31:11:33:Infinity":2,"s:29:4:33:Infinity":9,"s:30:6:30:Infinity":10,"s:32:6:32:Infinity":11,"s:35:4:35:Infinity":12,"s:38:33:38:Infinity":13,"s:40:2:49:Infinity":14,"s:41:4:48:Infinity":15,"b:47:25:47:68:47:68:47:Infinity":3,"s:52:2:52:Infinity":16,"f:52:15:52:16":3,"s:52:25:52:58":17,"s:53:2:53:Infinity":18,"f:56:9:56:16":4,"s:57:2:57:Infinity":19}}}
,"C:\\Source\\bloomerang\\src\\analyzers\\failures.ts": {"path":"C:\\Source\\bloomerang\\src\\analyzers\\failures.ts","statementMap":{"0":{"start":{"line":3,"column":27},"end":{"line":10,"column":null}},"1":{"start":{"line":16,"column":36},"end":{"line":16,"column":null}},"2":{"start":{"line":18,"column":2},"end":{"line":33,"column":null}},"3":{"start":{"line":19,"column":4},"end":{"line":32,"column":null}},"4":{"start":{"line":20,"column":6},"end":{"line":31,"column":null}},"5":{"start":{"line":21,"column":8},"end":{"line":30,"column":null}},"6":{"start":{"line":35,"column":2},"end":{"line":35,"column":null}},"7":{"start":{"line":39,"column":2},"end":{"line":43,"column":null}},"8":{"start":{"line":40,"column":4},"end":{"line":42,"column":null}},"9":{"start":{"line":41,"column":6},"end":{"line":41,"column":null}},"10":{"start":{"line":44,"column":2},"end":{"line":44,"column":null}}},"fnMap":{"0":{"name":"analyzeFailures","decl":{"start":{"line":15,"column":16},"end":{"line":15,"column":32}},"loc":{"start":{"line":15,"column":62},"end":{"line":36,"column":null}},"line":15},"1":{"name":"classifyFailure","decl":{"start":{"line":38,"column":16},"end":{"line":38,"column":32}},"loc":{"start":{"line":38,"column":63},"end":{"line":45,"column":null}},"line":38}},"branchMap":{"0":{"loc":{"start":{"line":20,"column":6},"end":{"line":31,"column":null}},"type":"if","locations":[{"start":{"line":20,"column":6},"end":{"line":31,"column":null}},{"start":{},"end":{}}],"line":20},"1":{"loc":{"start":{"line":20,"column":10},"end":{"line":20,"column":59}},"type":"binary-expr","locations":[{"start":{"line":20,"column":10},"end":{"line":20,"column":38}},{"start":{"line":20,"column":38},"end":{"line":20,"column":59}}],"line":20},"2":{"loc":{"start":{"line":29,"column":23},"end":{"line":29,"column":null}},"type":"binary-expr","locations":[{"start":{"line":29,"column":23},"end":{"line":29,"column":43}},{"start":{"line":29,"column":43},"end":{"line":29,"column":null}}],"line":29},"3":{"loc":{"start":{"line":40,"column":4},"end":{"line":42,"column":null}},"type":"if","locations":[{"start":{"line":40,"column":4},"end":{"line":42,"column":null}},{"start":{},"end":{}}],"line":40}},"s":{"0":1,"1":7,"2":7,"3":242,"4":1136,"5":110,"6":7,"7":117,"8":319,"9":98,"10":19},"f":{"0":7,"1":117},"b":{"0":[110,1026],"1":[1136,110],"2":[110,0],"3":[98,221]},"meta":{"lastBranch":4,"lastFunction":2,"lastStatement":11,"seen":{"s:3:27:10:Infinity":0,"f:15:16:15:32":0,"s:16:36:16:Infinity":1,"s:18:2:33:Infinity":2,"s:19:4:32:Infinity":3,"b:20:6:31:Infinity:undefined:undefined:undefined:undefined":0,"s:20:6:31:Infinity":4,"b:20:10:20:38:20:38:20:59":1,"s:21:8:30:Infinity":5,"b:29:23:29:43:29:43:29:Infinity":2,"s:35:2:35:Infinity":6,"f:38:16:38:32":1,"s:39:2:43:Infinity":7,"b:40:4:42:Infinity:undefined:undefined:undefined:undefined":3,"s:40:4:42:Infinity":8,"s:41:6:41:Infinity":9,"s:44:2:44:Infinity":10}}}
,"C:\\Source\\bloomerang\\src\\analyzers\\feedback.ts": {"path":"C:\\Source\\bloomerang\\src\\analyzers\\feedback.ts","statementMap":{"0":{"start":{"line":17,"column":2},"end":{"line":53,"column":null}},"1":{"start":{"line":18,"column":31},"end":{"line":18,"column":null}},"2":{"start":{"line":21,"column":4},"end":{"line":29,"column":null}},"3":{"start":{"line":22,"column":6},"end":{"line":28,"column":null}},"4":{"start":{"line":23,"column":8},"end":{"line":27,"column":null}},"5":{"start":{"line":32,"column":4},"end":{"line":40,"column":null}},"6":{"start":{"line":33,"column":6},"end":{"line":39,"column":null}},"7":{"start":{"line":35,"column":24},"end":{"line":35,"column":null}},"8":{"start":{"line":36,"column":8},"end":{"line":38,"column":null}},"9":{"start":{"line":36,"column":34},"end":{"line":36,"column":59}},"10":{"start":{"line":37,"column":10},"end":{"line":37,"column":null}},"11":{"start":{"line":43,"column":4},"end":{"line":45,"column":null}},"12":{"start":{"line":44,"column":6},"end":{"line":44,"column":null}},"13":{"start":{"line":47,"column":4},"end":{"line":52,"column":null}},"14":{"start":{"line":57,"column":16},"end":{"line":57,"column":null}},"15":{"start":{"line":60,"column":2},"end":{"line":64,"column":null}},"16":{"start":{"line":64,"column":4},"end":{"line":64,"column":null}},"17":{"start":{"line":67,"column":2},"end":{"line":71,"column":null}},"18":{"start":{"line":71,"column":4},"end":{"line":71,"column":null}},"19":{"start":{"line":72,"column":2},"end":{"line":73,"column":null}},"20":{"start":{"line":73,"column":4},"end":{"line":73,"column":null}},"21":{"start":{"line":76,"column":2},"end":{"line":77,"column":null}},"22":{"start":{"line":77,"column":4},"end":{"line":77,"column":null}},"23":{"start":{"line":79,"column":2},"end":{"line":79,"column":null}},"24":{"start":{"line":86,"column":16},"end":{"line":86,"column":null}},"25":{"start":{"line":88,"column":2},"end":{"line":89,"column":null}},"26":{"start":{"line":89,"column":4},"end":{"line":89,"column":null}},"27":{"start":{"line":90,"column":2},"end":{"line":94,"column":null}},"28":{"start":{"line":94,"column":4},"end":{"line":94,"column":null}},"29":{"start":{"line":95,"column":2},"end":{"line":95,"column":null}},"30":{"start":{"line":95,"column":64},"end":{"line":95,"column":null}},"31":{"start":{"line":96,"column":2},"end":{"line":100,"column":null}},"32":{"start":{"line":100,"column":4},"end":{"line":100,"column":null}},"33":{"start":{"line":102,"column":2},"end":{"line":102,"column":null}},"34":{"start":{"line":107,"column":16},"end":{"line":107,"column":null}},"35":{"start":{"line":108,"column":2},"end":{"line":108,"column":null}}},"fnMap":{"0":{"name":"analyzeFeedback","decl":{"start":{"line":12,"column":16},"end":{"line":12,"column":null}},"loc":{"start":{"line":16,"column":25},"end":{"line":54,"column":null}},"line":16},"1":{"name":"(anonymous_1)","decl":{"start":{"line":17,"column":22},"end":{"line":17,"column":23}},"loc":{"start":{"line":17,"column":33},"end":{"line":53,"column":3}},"line":17},"2":{"name":"(anonymous_2)","decl":{"start":{"line":36,"column":27},"end":{"line":36,"column":28}},"loc":{"start":{"line":36,"column":34},"end":{"line":36,"column":59}},"line":36},"3":{"name":"commentMatchesFlaky","decl":{"start":{"line":56,"column":9},"end":{"line":56,"column":29}},"loc":{"start":{"line":56,"column":73},"end":{"line":80,"column":null}},"line":56},"4":{"name":"commentMatchesFailure","decl":{"start":{"line":82,"column":9},"end":{"line":82,"column":null}},"loc":{"start":{"line":85,"column":11},"end":{"line":103,"column":null}},"line":85},"5":{"name":"truncate","decl":{"start":{"line":105,"column":9},"end":{"line":105,"column":18}},"loc":{"start":{"line":105,"column":53},"end":{"line":109,"column":null}},"line":105}},"branchMap":{"0":{"loc":{"start":{"line":22,"column":6},"end":{"line":28,"column":null}},"type":"if","locations":[{"start":{"line":22,"column":6},"end":{"line":28,"column":null}},{"start":{},"end":{}}],"line":22},"1":{"loc":{"start":{"line":33,"column":6},"end":{"line":39,"column":null}},"type":"if","locations":[{"start":{"line":33,"column":6},"end":{"line":39,"column":null}},{"start":{},"end":{}}],"line":33},"2":{"loc":{"start":{"line":36,"column":8},"end":{"line":38,"column":null}},"type":"if","locations":[{"start":{"line":36,"column":8},"end":{"line":38,"column":null}},{"start":{},"end":{}}],"line":36},"3":{"loc":{"start":{"line":43,"column":4},"end":{"line":45,"column":null}},"type":"if","locations":[{"start":{"line":43,"column":4},"end":{"line":45,"column":null}},{"start":{},"end":{}}],"line":43},"4":{"loc":{"start":{"line":60,"column":2},"end":{"line":64,"column":null}},"type":"if","locations":[{"start":{"line":60,"column":2},"end":{"line":64,"column":null}},{"start":{},"end":{}}],"line":60},"5":{"loc":{"start":{"line":61,"column":4},"end":{"line":62,"column":null}},"type":"binary-expr","locations":[{"start":{"line":61,"column":4},"end":{"line":61,"column":null}},{"start":{"line":62,"column":4},"end":{"line":62,"column":null}}],"line":61},"6":{"loc":{"start":{"line":67,"column":2},"end":{"line":71,"column":null}},"type":"if","locations":[{"start":{"line":67,"column":2},"end":{"line":71,"column":null}},{"start":{},"end":{}}],"line":67},"7":{"loc":{"start":{"line":68,"column":4},"end":{"line":69,"column":null}},"type":"binary-expr","locations":[{"start":{"line":68,"column":4},"end":{"line":68,"column":null}},{"start":{"line":69,"column":4},"end":{"line":69,"column":null}}],"line":68},"8":{"loc":{"start":{"line":72,"column":2},"end":{"line":73,"column":null}},"type":"if","locations":[{"start":{"line":72,"column":2},"end":{"line":73,"column":null}},{"start":{},"end":{}}],"line":72},"9":{"loc":{"start":{"line":72,"column":6},"end":{"line":72,"column":null}},"type":"binary-expr","locations":[{"start":{"line":72,"column":6},"end":{"line":72,"column":37}},{"start":{"line":72,"column":37},"end":{"line":72,"column":62}},{"start":{"line":72,"column":62},"end":{"line":72,"column":null}}],"line":72},"10":{"loc":{"start":{"line":76,"column":2},"end":{"line":77,"column":null}},"type":"if","locations":[{"start":{"line":76,"column":2},"end":{"line":77,"column":null}},{"start":{},"end":{}}],"line":76},"11":{"loc":{"start":{"line":76,"column":6},"end":{"line":76,"column":null}},"type":"binary-expr","locations":[{"start":{"line":76,"column":6},"end":{"line":76,"column":35}},{"start":{"line":76,"column":35},"end":{"line":76,"column":null}}],"line":76},"12":{"loc":{"start":{"line":88,"column":2},"end":{"line":89,"column":null}},"type":"if","locations":[{"start":{"line":88,"column":2},"end":{"line":89,"column":null}},{"start":{},"end":{}}],"line":88},"13":{"loc":{"start":{"line":88,"column":6},"end":{"line":88,"column":null}},"type":"binary-expr","locations":[{"start":{"line":88,"column":6},"end":{"line":88,"column":34}},{"start":{"line":88,"column":34},"end":{"line":88,"column":null}}],"line":88},"14":{"loc":{"start":{"line":90,"column":2},"end":{"line":94,"column":null}},"type":"if","locations":[{"start":{"line":90,"column":2},"end":{"line":94,"column":null}},{"start":{},"end":{}}],"line":90},"15":{"loc":{"start":{"line":91,"column":4},"end":{"line":92,"column":null}},"type":"binary-expr","locations":[{"start":{"line":91,"column":4},"end":{"line":91,"column":null}},{"start":{"line":92,"column":4},"end":{"line":92,"column":null}}],"line":91},"16":{"loc":{"start":{"line":95,"column":2},"end":{"line":95,"column":null}},"type":"if","locations":[{"start":{"line":95,"column":2},"end":{"line":95,"column":null}},{"start":{},"end":{}}],"line":95},"17":{"loc":{"start":{"line":95,"column":6},"end":{"line":95,"column":64}},"type":"binary-expr","locations":[{"start":{"line":95,"column":6},"end":{"line":95,"column":31}},{"start":{"line":95,"column":31},"end":{"line":95,"column":64}}],"line":95},"18":{"loc":{"start":{"line":96,"column":2},"end":{"line":100,"column":null}},"type":"if","locations":[{"start":{"line":96,"column":2},"end":{"line":100,"column":null}},{"start":{},"end":{}}],"line":96},"19":{"loc":{"start":{"line":97,"column":4},"end":{"line":98,"column":null}},"type":"binary-expr","locations":[{"start":{"line":97,"column":4},"end":{"line":97,"column":null}},{"start":{"line":98,"column":4},"end":{"line":98,"column":null}}],"line":97},"20":{"loc":{"start":{"line":108,"column":9},"end":{"line":108,"column":null}},"type":"cond-expr","locations":[{"start":{"line":108,"column":33},"end":{"line":108,"column":64}},{"start":{"line":108,"column":64},"end":{"line":108,"column":null}}],"line":108}},"s":{"0":5,"1":20,"2":20,"3":55,"4":10,"5":20,"6":324,"7":87,"8":87,"9":282,"10":87,"11":20,"12":4,"13":20,"14":55,"15":55,"16":3,"17":52,"18":3,"19":49,"20":0,"21":49,"22":4,"23":45,"24":324,"25":324,"26":18,"27":306,"28":21,"29":285,"30":42,"31":243,"32":6,"33":237,"34":87,"35":87},"f":{"0":5,"1":20,"2":282,"3":55,"4":324,"5":87},"b":{"0":[10,45],"1":[87,237],"2":[87,0],"3":[4,16],"4":[3,52],"5":[55,9],"6":[3,49],"7":[52,9],"8":[0,49],"9":[49,6,6],"10":[4,45],"11":[49,10],"12":[18,306],"13":[324,54],"14":[21,285],"15":[306,54],"16":[42,243],"17":[285,108],"18":[6,237],"19":[243,54],"20":[87,0]},"meta":{"lastBranch":21,"lastFunction":6,"lastStatement":36,"seen":{"f:12:16:12:Infinity":0,"s:17:2:53:Infinity":0,"f:17:22:17:23":1,"s:18:31:18:Infinity":1,"s:21:4:29:Infinity":2,"b:22:6:28:Infinity:undefined:undefined:undefined:undefined":0,"s:22:6:28:Infinity":3,"s:23:8:27:Infinity":4,"s:32:4:40:Infinity":5,"b:33:6:39:Infinity:undefined:undefined:undefined:undefined":1,"s:33:6:39:Infinity":6,"s:35:24:35:Infinity":7,"b:36:8:38:Infinity:undefined:undefined:undefined:undefined":2,"s:36:8:38:Infinity":8,"f:36:27:36:28":2,"s:36:34:36:59":9,"s:37:10:37:Infinity":10,"b:43:4:45:Infinity:undefined:undefined:undefined:undefined":3,"s:43:4:45:Infinity":11,"s:44:6:44:Infinity":12,"s:47:4:52:Infinity":13,"f:56:9:56:29":3,"s:57:16:57:Infinity":14,"b:60:2:64:Infinity:undefined:undefined:undefined:undefined":4,"s:60:2:64:Infinity":15,"b:61:4:61:Infinity:62:4:62:Infinity":5,"s:64:4:64:Infinity":16,"b:67:2:71:Infinity:undefined:undefined:undefined:undefined":6,"s:67:2:71:Infinity":17,"b:68:4:68:Infinity:69:4:69:Infinity":7,"s:71:4:71:Infinity":18,"b:72:2:73:Infinity:undefined:undefined:undefined:undefined":8,"s:72:2:73:Infinity":19,"b:72:6:72:37:72:37:72:62:72:62:72:Infinity":9,"s:73:4:73:Infinity":20,"b:76:2:77:Infinity:undefined:undefined:undefined:undefined":10,"s:76:2:77:Infinity":21,"b:76:6:76:35:76:35:76:Infinity":11,"s:77:4:77:Infinity":22,"s:79:2:79:Infinity":23,"f:82:9:82:Infinity":4,"s:86:16:86:Infinity":24,"b:88:2:89:Infinity:undefined:undefined:undefined:undefined":12,"s:88:2:89:Infinity":25,"b:88:6:88:34:88:34:88:Infinity":13,"s:89:4:89:Infinity":26,"b:90:2:94:Infinity:undefined:undefined:undefined:undefined":14,"s:90:2:94:Infinity":27,"b:91:4:91:Infinity:92:4:92:Infinity":15,"s:94:4:94:Infinity":28,"b:95:2:95:Infinity:undefined:undefined:undefined:undefined":16,"s:95:2:95:Infinity":29,"b:95:6:95:31:95:31:95:64":17,"s:95:64:95:Infinity":30,"b:96:2:100:Infinity:undefined:undefined:undefined:undefined":18,"s:96:2:100:Infinity":31,"b:97:4:97:Infinity:98:4:98:Infinity":19,"s:100:4:100:Infinity":32,"s:102:2:102:Infinity":33,"f:105:9:105:18":5,"s:107:16:107:Infinity":34,"s:108:2:108:Infinity":35,"b:108:33:108:64:108:64:108:Infinity":20}}}
,"C:\\Source\\bloomerang\\src\\analyzers\\flaky.ts": {"path":"C:\\Source\\bloomerang\\src\\analyzers\\flaky.ts","statementMap":{"0":{"start":{"line":18,"column":17},"end":{"line":18,"column":null}},"1":{"start":{"line":20,"column":2},"end":{"line":27,"column":null}},"2":{"start":{"line":21,"column":4},"end":{"line":21,"column":null}},"3":{"start":{"line":21,"column":42},"end":{"line":21,"column":null}},"4":{"start":{"line":22,"column":21},"end":{"line":22,"column":null}},"5":{"start":{"line":23,"column":16},"end":{"line":23,"column":null}},"6":{"start":{"line":24,"column":21},"end":{"line":24,"column":null}},"7":{"start":{"line":25,"column":4},"end":{"line":25,"column":null}},"8":{"start":{"line":26,"column":4},"end":{"line":26,"column":null}},"9":{"start":{"line":29,"column":31},"end":{"line":29,"column":null}},"10":{"start":{"line":31,"column":2},"end":{"line":63,"column":null}},"11":{"start":{"line":33,"column":21},"end":{"line":33,"column":null}},"12":{"start":{"line":33,"column":52},"end":{"line":33,"column":60}},"13":{"start":{"line":34,"column":19},"end":{"line":34,"column":null}},"14":{"start":{"line":34,"column":50},"end":{"line":34,"column":57}},"15":{"start":{"line":35,"column":4},"end":{"line":35,"column":null}},"16":{"start":{"line":35,"column":50},"end":{"line":35,"column":null}},"17":{"start":{"line":38,"column":36},"end":{"line":38,"column":null}},"18":{"start":{"line":39,"column":4},"end":{"line":44,"column":null}},"19":{"start":{"line":40,"column":23},"end":{"line":40,"column":null}},"20":{"start":{"line":41,"column":6},"end":{"line":43,"column":null}},"21":{"start":{"line":42,"column":8},"end":{"line":42,"column":null}},"22":{"start":{"line":47,"column":22},"end":{"line":47,"column":null}},"23":{"start":{"line":47,"column":49},"end":{"line":47,"column":70}},"24":{"start":{"line":49,"column":29},"end":{"line":49,"column":null}},"25":{"start":{"line":51,"column":4},"end":{"line":62,"column":null}},"26":{"start":{"line":58,"column":39},"end":{"line":58,"column":46}},"27":{"start":{"line":66,"column":2},"end":{"line":66,"column":null}},"28":{"start":{"line":66,"column":25},"end":{"line":66,"column":56}},"29":{"start":{"line":67,"column":2},"end":{"line":67,"column":null}},"30":{"start":{"line":77,"column":18},"end":{"line":77,"column":null}},"31":{"start":{"line":78,"column":2},"end":{"line":78,"column":null}},"32":{"start":{"line":78,"column":15},"end":{"line":78,"column":null}},"33":{"start":{"line":81,"column":18},"end":{"line":81,"column":null}},"34":{"start":{"line":82,"column":2},"end":{"line":82,"column":null}},"35":{"start":{"line":82,"column":15},"end":{"line":82,"column":null}},"36":{"start":{"line":84,"column":2},"end":{"line":84,"column":null}},"37":{"start":{"line":92,"column":20},"end":{"line":92,"column":null}},"38":{"start":{"line":92,"column":37},"end":{"line":92,"column":59}},"39":{"start":{"line":93,"column":2},"end":{"line":93,"column":null}},"40":{"start":{"line":93,"column":18},"end":{"line":93,"column":null}},"41":{"start":{"line":95,"column":21},"end":{"line":95,"column":null}},"42":{"start":{"line":97,"column":2},"end":{"line":107,"column":null}},"43":{"start":{"line":100,"column":8},"end":{"line":106,"column":null}},"44":{"start":{"line":105,"column":17},"end":{"line":105,"column":null}}},"fnMap":{"0":{"name":"analyzeFlaky","decl":{"start":{"line":13,"column":16},"end":{"line":13,"column":null}},"loc":{"start":{"line":16,"column":15},"end":{"line":68,"column":null}},"line":16},"1":{"name":"(anonymous_1)","decl":{"start":{"line":33,"column":45},"end":{"line":33,"column":46}},"loc":{"start":{"line":33,"column":52},"end":{"line":33,"column":60}},"line":33},"2":{"name":"(anonymous_2)","decl":{"start":{"line":34,"column":43},"end":{"line":34,"column":44}},"loc":{"start":{"line":34,"column":50},"end":{"line":34,"column":57}},"line":34},"3":{"name":"(anonymous_3)","decl":{"start":{"line":47,"column":37},"end":{"line":47,"column":38}},"loc":{"start":{"line":47,"column":49},"end":{"line":47,"column":70}},"line":47},"4":{"name":"(anonymous_4)","decl":{"start":{"line":58,"column":32},"end":{"line":58,"column":33}},"loc":{"start":{"line":58,"column":39},"end":{"line":58,"column":46}},"line":58},"5":{"name":"(anonymous_5)","decl":{"start":{"line":66,"column":15},"end":{"line":66,"column":16}},"loc":{"start":{"line":66,"column":25},"end":{"line":66,"column":56}},"line":66},"6":{"name":"extractTestFile","decl":{"start":{"line":75,"column":9},"end":{"line":75,"column":25}},"loc":{"start":{"line":75,"column":50},"end":{"line":85,"column":null}},"line":75},"7":{"name":"findSuccessfulRetry","decl":{"start":{"line":91,"column":9},"end":{"line":91,"column":29}},"loc":{"start":{"line":91,"column":78},"end":{"line":109,"column":null}},"line":91},"8":{"name":"(anonymous_8)","decl":{"start":{"line":92,"column":30},"end":{"line":92,"column":31}},"loc":{"start":{"line":92,"column":37},"end":{"line":92,"column":59}},"line":92},"9":{"name":"(anonymous_9)","decl":{"start":{"line":99,"column":6},"end":{"line":99,"column":7}},"loc":{"start":{"line":100,"column":8},"end":{"line":106,"column":null}},"line":100},"10":{"name":"(anonymous_10)","decl":{"start":{"line":105,"column":10},"end":{"line":105,"column":11}},"loc":{"start":{"line":105,"column":17},"end":{"line":105,"column":null}},"line":105}},"branchMap":{"0":{"loc":{"start":{"line":21,"column":4},"end":{"line":21,"column":null}},"type":"if","locations":[{"start":{"line":21,"column":4},"end":{"line":21,"column":null}},{"start":{},"end":{}}],"line":21},"1":{"loc":{"start":{"line":24,"column":21},"end":{"line":24,"column":null}},"type":"binary-expr","locations":[{"start":{"line":24,"column":21},"end":{"line":24,"column":40}},{"start":{"line":24,"column":40},"end":{"line":24,"column":null}}],"line":24},"2":{"loc":{"start":{"line":35,"column":4},"end":{"line":35,"column":null}},"type":"if","locations":[{"start":{"line":35,"column":4},"end":{"line":35,"column":null}},{"start":{},"end":{}}],"line":35},"3":{"loc":{"start":{"line":35,"column":8},"end":{"line":35,"column":50}},"type":"binary-expr","locations":[{"start":{"line":35,"column":8},"end":{"line":35,"column":31}},{"start":{"line":35,"column":31},"end":{"line":35,"column":50}}],"line":35},"4":{"loc":{"start":{"line":41,"column":6},"end":{"line":43,"column":null}},"type":"if","locations":[{"start":{"line":41,"column":6},"end":{"line":43,"column":null}},{"start":{},"end":{}}],"line":41},"5":{"loc":{"start":{"line":78,"column":2},"end":{"line":78,"column":null}},"type":"if","locations":[{"start":{"line":78,"column":2},"end":{"line":78,"column":null}},{"start":{},"end":{}}],"line":78},"6":{"loc":{"start":{"line":82,"column":2},"end":{"line":82,"column":null}},"type":"if","locations":[{"start":{"line":82,"column":2},"end":{"line":82,"column":null}},{"start":{},"end":{}}],"line":82},"7":{"loc":{"start":{"line":93,"column":2},"end":{"line":93,"column":null}},"type":"if","locations":[{"start":{"line":93,"column":2},"end":{"line":93,"column":null}},{"start":{},"end":{}}],"line":93},"8":{"loc":{"start":{"line":98,"column":4},"end":{"line":107,"column":null}},"type":"binary-expr","locations":[{"start":{"line":98,"column":4},"end":{"line":107,"column":9}},{"start":{"line":107,"column":9},"end":{"line":107,"column":null}}],"line":98},"9":{"loc":{"start":{"line":100,"column":8},"end":{"line":106,"column":null}},"type":"binary-expr","locations":[{"start":{"line":100,"column":8},"end":{"line":100,"column":null}},{"start":{"line":101,"column":8},"end":{"line":101,"column":null}},{"start":{"line":102,"column":8},"end":{"line":102,"column":null}},{"start":{"line":103,"column":8},"end":{"line":103,"column":null}},{"start":{"line":104,"column":8},"end":{"line":106,"column":null}}],"line":100},"10":{"loc":{"start":{"line":105,"column":17},"end":{"line":105,"column":null}},"type":"binary-expr","locations":[{"start":{"line":105,"column":17},"end":{"line":105,"column":43}},{"start":{"line":105,"column":43},"end":{"line":105,"column":null}}],"line":105}},"s":{"0":10,"1":10,"2":97,"3":15,"4":82,"5":82,"6":82,"7":97,"8":97,"9":10,"10":10,"11":19,"12":82,"13":19,"14":82,"15":19,"16":1,"17":18,"18":18,"19":81,"20":81,"21":75,"22":18,"23":81,"24":18,"25":18,"26":81,"27":10,"28":10,"29":10,"30":100,"31":100,"32":97,"33":3,"34":3,"35":3,"36":0,"37":81,"38":1484,"39":81,"40":0,"41":81,"42":81,"43":1734,"44":455},"f":{"0":10,"1":82,"2":82,"3":81,"4":81,"5":10,"6":100,"7":81,"8":1484,"9":1734,"10":455},"b":{"0":[15,82],"1":[82,19],"2":[1,18],"3":[19,1],"4":[75,6],"5":[97,3],"6":[3,0],"7":[0,81],"8":[81,6],"9":[1734,532,202,202,95],"10":[455,20]},"meta":{"lastBranch":11,"lastFunction":11,"lastStatement":45,"seen":{"f:13:16:13:Infinity":0,"s:18:17:18:Infinity":0,"s:20:2:27:Infinity":1,"b:21:4:21:Infinity:undefined:undefined:undefined:undefined":0,"s:21:4:21:Infinity":2,"s:21:42:21:Infinity":3,"s:22:21:22:Infinity":4,"s:23:16:23:Infinity":5,"s:24:21:24:Infinity":6,"b:24:21:24:40:24:40:24:Infinity":1,"s:25:4:25:Infinity":7,"s:26:4:26:Infinity":8,"s:29:31:29:Infinity":9,"s:31:2:63:Infinity":10,"s:33:21:33:Infinity":11,"f:33:45:33:46":1,"s:33:52:33:60":12,"s:34:19:34:Infinity":13,"f:34:43:34:44":2,"s:34:50:34:57":14,"b:35:4:35:Infinity:undefined:undefined:undefined:undefined":2,"s:35:4:35:Infinity":15,"b:35:8:35:31:35:31:35:50":3,"s:35:50:35:Infinity":16,"s:38:36:38:Infinity":17,"s:39:4:44:Infinity":18,"s:40:23:40:Infinity":19,"b:41:6:43:Infinity:undefined:undefined:undefined:undefined":4,"s:41:6:43:Infinity":20,"s:42:8:42:Infinity":21,"s:47:22:47:Infinity":22,"f:47:37:47:38":3,"s:47:49:47:70":23,"s:49:29:49:Infinity":24,"s:51:4:62:Infinity":25,"f:58:32:58:33":4,"s:58:39:58:46":26,"s:66:2:66:Infinity":27,"f:66:15:66:16":5,"s:66:25:66:56":28,"s:67:2:67:Infinity":29,"f:75:9:75:25":6,"s:77:18:77:Infinity":30,"b:78:2:78:Infinity:undefined:undefined:undefined:undefined":5,"s:78:2:78:Infinity":31,"s:78:15:78:Infinity":32,"s:81:18:81:Infinity":33,"b:82:2:82:Infinity:undefined:undefined:undefined:undefined":6,"s:82:2:82:Infinity":34,"s:82:15:82:Infinity":35,"s:84:2:84:Infinity":36,"f:91:9:91:29":7,"s:92:20:92:Infinity":37,"f:92:30:92:31":8,"s:92:37:92:59":38,"b:93:2:93:Infinity:undefined:undefined:undefined:undefined":7,"s:93:2:93:Infinity":39,"s:93:18:93:Infinity":40,"s:95:21:95:Infinity":41,"s:97:2:107:Infinity":42,"b:98:4:107:9:107:9:107:Infinity":8,"f:99:6:99:7":9,"s:100:8:106:Infinity":43,"b:100:8:100:Infinity:101:8:101:Infinity:102:8:102:Infinity:103:8:103:Infinity:104:8:106:Infinity":9,"f:105:10:105:11":10,"s:105:17:105:Infinity":44,"b:105:17:105:43:105:43:105:Infinity":10}}}
,"C:\\Source\\bloomerang\\src\\analyzers\\health.ts": {"path":"C:\\Source\\bloomerang\\src\\analyzers\\health.ts","statementMap":{"0":{"start":{"line":13,"column":17},"end":{"line":13,"column":null}},"1":{"start":{"line":14,"column":22},"end":{"line":14,"column":null}},"2":{"start":{"line":14,"column":51},"end":{"line":14,"column":62}},"3":{"start":{"line":16,"column":2},"end":{"line":58,"column":null}},"4":{"start":{"line":17,"column":22},"end":{"line":17,"column":null}},"5":{"start":{"line":18,"column":25},"end":{"line":18,"column":null}},"6":{"start":{"line":19,"column":25},"end":{"line":19,"column":null}},"7":{"start":{"line":22,"column":25},"end":{"line":22,"column":null}},"8":{"start":{"line":23,"column":4},"end":{"line":31,"column":null}},"9":{"start":{"line":24,"column":6},"end":{"line":30,"column":null}},"10":{"start":{"line":25,"column":8},"end":{"line":29,"column":null}},"11":{"start":{"line":26,"column":27},"end":{"line":26,"column":null}},"12":{"start":{"line":27,"column":10},"end":{"line":27,"column":null}},"13":{"start":{"line":28,"column":10},"end":{"line":28,"column":null}},"14":{"start":{"line":33,"column":24},"end":{"line":33,"column":null}},"15":{"start":{"line":34,"column":27},"end":{"line":34,"column":null}},"16":{"start":{"line":35,"column":4},"end":{"line":41,"column":null}},"17":{"start":{"line":36,"column":18},"end":{"line":36,"column":null}},"18":{"start":{"line":36,"column":40},"end":{"line":36,"column":47}},"19":{"start":{"line":37,"column":6},"end":{"line":40,"column":null}},"20":{"start":{"line":38,"column":8},"end":{"line":38,"column":null}},"21":{"start":{"line":39,"column":8},"end":{"line":39,"column":null}},"22":{"start":{"line":43,"column":4},"end":{"line":57,"column":null}},"23":{"start":{"line":51,"column":39},"end":{"line":51,"column":46}},"24":{"start":{"line":62,"column":40},"end":{"line":62,"column":null}},"25":{"start":{"line":63,"column":2},"end":{"line":65,"column":null}},"26":{"start":{"line":64,"column":4},"end":{"line":64,"column":null}},"27":{"start":{"line":66,"column":2},"end":{"line":66,"column":null}},"28":{"start":{"line":70,"column":2},"end":{"line":70,"column":null}},"29":{"start":{"line":70,"column":37},"end":{"line":70,"column":66}},"30":{"start":{"line":74,"column":2},"end":{"line":76,"column":null}},"31":{"start":{"line":75,"column":11},"end":{"line":75,"column":null}}},"fnMap":{"0":{"name":"analyzeHealth","decl":{"start":{"line":9,"column":16},"end":{"line":9,"column":null}},"loc":{"start":{"line":12,"column":16},"end":{"line":59,"column":null}},"line":12},"1":{"name":"(anonymous_1)","decl":{"start":{"line":14,"column":44},"end":{"line":14,"column":45}},"loc":{"start":{"line":14,"column":51},"end":{"line":14,"column":62}},"line":14},"2":{"name":"(anonymous_2)","decl":{"start":{"line":16,"column":36},"end":{"line":16,"column":37}},"loc":{"start":{"line":16,"column":58},"end":{"line":58,"column":3}},"line":16},"3":{"name":"(anonymous_3)","decl":{"start":{"line":36,"column":30},"end":{"line":36,"column":31}},"loc":{"start":{"line":36,"column":40},"end":{"line":36,"column":47}},"line":36},"4":{"name":"(anonymous_4)","decl":{"start":{"line":51,"column":29},"end":{"line":51,"column":30}},"loc":{"start":{"line":51,"column":39},"end":{"line":51,"column":46}},"line":51},"5":{"name":"groupByRepo","decl":{"start":{"line":61,"column":9},"end":{"line":61,"column":21}},"loc":{"start":{"line":61,"column":57},"end":{"line":67,"column":null}},"line":61},"6":{"name":"runDuration","decl":{"start":{"line":69,"column":9},"end":{"line":69,"column":21}},"loc":{"start":{"line":69,"column":39},"end":{"line":71,"column":null}},"line":69},"7":{"name":"(anonymous_7)","decl":{"start":{"line":70,"column":25},"end":{"line":70,"column":26}},"loc":{"start":{"line":70,"column":37},"end":{"line":70,"column":66}},"line":70},"8":{"name":"isRunSuccessful","decl":{"start":{"line":73,"column":9},"end":{"line":73,"column":25}},"loc":{"start":{"line":73,"column":44},"end":{"line":77,"column":null}},"line":73},"9":{"name":"(anonymous_9)","decl":{"start":{"line":75,"column":4},"end":{"line":75,"column":5}},"loc":{"start":{"line":75,"column":11},"end":{"line":75,"column":null}},"line":75}},"branchMap":{"0":{"loc":{"start":{"line":25,"column":8},"end":{"line":29,"column":null}},"type":"if","locations":[{"start":{"line":25,"column":8},"end":{"line":29,"column":null}},{"start":{},"end":{}}],"line":25},"1":{"loc":{"start":{"line":25,"column":12},"end":{"line":25,"column":66}},"type":"binary-expr","locations":[{"start":{"line":25,"column":12},"end":{"line":25,"column":40}},{"start":{"line":25,"column":40},"end":{"line":25,"column":66}}],"line":25},"2":{"loc":{"start":{"line":26,"column":27},"end":{"line":26,"column":null}},"type":"binary-expr","locations":[{"start":{"line":26,"column":27},"end":{"line":26,"column":57}},{"start":{"line":26,"column":57},"end":{"line":26,"column":null}}],"line":26},"3":{"loc":{"start":{"line":37,"column":6},"end":{"line":40,"column":null}},"type":"if","locations":[{"start":{"line":37,"column":6},"end":{"line":40,"column":null}},{"start":{},"end":{}}],"line":37},"4":{"loc":{"start":{"line":48,"column":19},"end":{"line":48,"column":null}},"type":"cond-expr","locations":[{"start":{"line":48,"column":41},"end":{"line":48,"column":74}},{"start":{"line":48,"column":74},"end":{"line":48,"column":null}}],"line":48},"5":{"loc":{"start":{"line":50,"column":8},"end":{"line":52,"column":null}},"type":"cond-expr","locations":[{"start":{"line":51,"column":12},"end":{"line":51,"column":null}},{"start":{"line":52,"column":12},"end":{"line":52,"column":null}}],"line":50},"6":{"loc":{"start":{"line":53,"column":22},"end":{"line":53,"column":null}},"type":"cond-expr","locations":[{"start":{"line":53,"column":45},"end":{"line":53,"column":70}},{"start":{"line":53,"column":70},"end":{"line":53,"column":null}}],"line":53},"7":{"loc":{"start":{"line":54,"column":22},"end":{"line":54,"column":null}},"type":"cond-expr","locations":[{"start":{"line":54,"column":45},"end":{"line":54,"column":70}},{"start":{"line":54,"column":70},"end":{"line":54,"column":null}}],"line":54},"8":{"loc":{"start":{"line":70,"column":44},"end":{"line":70,"column":66}},"type":"binary-expr","locations":[{"start":{"line":70,"column":44},"end":{"line":70,"column":62}},{"start":{"line":70,"column":62},"end":{"line":70,"column":66}}],"line":70},"9":{"loc":{"start":{"line":75,"column":11},"end":{"line":75,"column":null}},"type":"binary-expr","locations":[{"start":{"line":75,"column":11},"end":{"line":75,"column":37}},{"start":{"line":75,"column":37},"end":{"line":75,"column":null}}],"line":75}},"s":{"0":6,"1":6,"2":36,"3":6,"4":25,"5":25,"6":25,"7":25,"8":25,"9":161,"10":757,"11":660,"12":660,"13":660,"14":25,"15":25,"16":25,"17":104,"18":660,"19":104,"20":80,"21":80,"22":25,"23":161,"24":6,"25":6,"26":161,"27":6,"28":161,"29":757,"30":161,"31":661},"f":{"0":6,"1":36,"2":25,"3":660,"4":161,"5":6,"6":161,"7":757,"8":161,"9":661},"b":{"0":[660,97],"1":[757,661],"2":[660,104],"3":[80,24],"4":[25,0],"5":[25,0],"6":[25,0],"7":[25,0],"8":[757,97],"9":[661,72]},"meta":{"lastBranch":10,"lastFunction":10,"lastStatement":32,"seen":{"f:9:16:9:Infinity":0,"s:13:17:13:Infinity":0,"s:14:22:14:Infinity":1,"f:14:44:14:45":1,"s:14:51:14:62":2,"s:16:2:58:Infinity":3,"f:16:36:16:37":2,"s:17:22:17:Infinity":4,"s:18:25:18:Infinity":5,"s:19:25:19:Infinity":6,"s:22:25:22:Infinity":7,"s:23:4:31:Infinity":8,"s:24:6:30:Infinity":9,"b:25:8:29:Infinity:undefined:undefined:undefined:undefined":0,"s:25:8:29:Infinity":10,"b:25:12:25:40:25:40:25:66":1,"s:26:27:26:Infinity":11,"b:26:27:26:57:26:57:26:Infinity":2,"s:27:10:27:Infinity":12,"s:28:10:28:Infinity":13,"s:33:24:33:Infinity":14,"s:34:27:34:Infinity":15,"s:35:4:41:Infinity":16,"s:36:18:36:Infinity":17,"f:36:30:36:31":3,"s:36:40:36:47":18,"b:37:6:40:Infinity:undefined:undefined:undefined:undefined":3,"s:37:6:40:Infinity":19,"s:38:8:38:Infinity":20,"s:39:8:39:Infinity":21,"s:43:4:57:Infinity":22,"b:48:41:48:74:48:74:48:Infinity":4,"b:51:12:51:Infinity:52:12:52:Infinity":5,"f:51:29:51:30":4,"s:51:39:51:46":23,"b:53:45:53:70:53:70:53:Infinity":6,"b:54:45:54:70:54:70:54:Infinity":7,"f:61:9:61:21":5,"s:62:40:62:Infinity":24,"s:63:2:65:Infinity":25,"s:64:4:64:Infinity":26,"s:66:2:66:Infinity":27,"f:69:9:69:21":6,"s:70:2:70:Infinity":28,"f:70:25:70:26":7,"s:70:37:70:66":29,"b:70:44:70:62:70:62:70:66":8,"f:73:9:73:25":8,"s:74:2:76:Infinity":30,"f:75:4:75:5":9,"s:75:11:75:Infinity":31,"b:75:11:75:37:75:37:75:Infinity":9}}}
,"C:\\Source\\bloomerang\\src\\analyzers\\prioritize.ts": {"path":"C:\\Source\\bloomerang\\src\\analyzers\\prioritize.ts","statementMap":{"0":{"start":{"line":15,"column":32},"end":{"line":15,"column":null}},"1":{"start":{"line":18,"column":27},"end":{"line":18,"column":null}},"2":{"start":{"line":21,"column":35},"end":{"line":21,"column":null}},"3":{"start":{"line":39,"column":37},"end":{"line":39,"column":null}},"4":{"start":{"line":42,"column":2},"end":{"line":57,"column":null}},"5":{"start":{"line":43,"column":20},"end":{"line":43,"column":null}},"6":{"start":{"line":44,"column":4},"end":{"line":56,"column":null}},"7":{"start":{"line":60,"column":2},"end":{"line":89,"column":null}},"8":{"start":{"line":61,"column":4},"end":{"line":61,"column":null}},"9":{"start":{"line":61,"column":34},"end":{"line":61,"column":null}},"10":{"start":{"line":62,"column":25},"end":{"line":64,"column":null}},"11":{"start":{"line":63,"column":25},"end":{"line":63,"column":42}},"12":{"start":{"line":63,"column":55},"end":{"line":63,"column":62}},"13":{"start":{"line":67,"column":30},"end":{"line":71,"column":null}},"14":{"start":{"line":68,"column":21},"end":{"line":68,"column":38}},"15":{"start":{"line":70,"column":15},"end":{"line":70,"column":null}},"16":{"start":{"line":70,"column":39},"end":{"line":70,"column":66}},"17":{"start":{"line":73,"column":7},"end":{"line":74,"column":null}},"18":{"start":{"line":76,"column":4},"end":{"line":88,"column":null}},"19":{"start":{"line":93,"column":28},"end":{"line":95,"column":null}},"20":{"start":{"line":94,"column":4},"end":{"line":94,"column":null}},"21":{"start":{"line":96,"column":2},"end":{"line":127,"column":null}},"22":{"start":{"line":98,"column":21},"end":{"line":100,"column":null}},"23":{"start":{"line":99,"column":6},"end":{"line":99,"column":null}},"24":{"start":{"line":101,"column":4},"end":{"line":126,"column":null}},"25":{"start":{"line":102,"column":23},"end":{"line":104,"column":null}},"26":{"start":{"line":103,"column":27},"end":{"line":103,"column":51}},"27":{"start":{"line":103,"column":64},"end":{"line":103,"column":71}},"28":{"start":{"line":107,"column":8},"end":{"line":107,"column":null}},"29":{"start":{"line":108,"column":23},"end":{"line":108,"column":null}},"30":{"start":{"line":110,"column":6},"end":{"line":125,"column":null}},"31":{"start":{"line":130,"column":23},"end":{"line":130,"column":null}},"32":{"start":{"line":130,"column":46},"end":{"line":130,"column":73}},"33":{"start":{"line":132,"column":21},"end":{"line":132,"column":null}},"34":{"start":{"line":133,"column":2},"end":{"line":138,"column":null}},"35":{"start":{"line":134,"column":16},"end":{"line":134,"column":null}},"36":{"start":{"line":135,"column":21},"end":{"line":135,"column":null}},"37":{"start":{"line":136,"column":4},"end":{"line":136,"column":null}},"38":{"start":{"line":137,"column":4},"end":{"line":137,"column":null}},"39":{"start":{"line":139,"column":2},"end":{"line":157,"column":null}},"40":{"start":{"line":140,"column":19},"end":{"line":140,"column":null}},"41":{"start":{"line":140,"column":50},"end":{"line":140,"column":57}},"42":{"start":{"line":141,"column":4},"end":{"line":156,"column":null}},"43":{"start":{"line":153,"column":20},"end":{"line":153,"column":67}},"44":{"start":{"line":160,"column":2},"end":{"line":160,"column":null}},"45":{"start":{"line":163,"column":2},"end":{"line":163,"column":null}},"46":{"start":{"line":163,"column":24},"end":{"line":163,"column":57}},"47":{"start":{"line":164,"column":2},"end":{"line":164,"column":null}},"48":{"start":{"line":170,"column":2},"end":{"line":170,"column":null}},"49":{"start":{"line":170,"column":27},"end":{"line":170,"column":null}},"50":{"start":{"line":172,"column":18},"end":{"line":172,"column":null}},"51":{"start":{"line":172,"column":48},"end":{"line":172,"column":62}},"52":{"start":{"line":173,"column":18},"end":{"line":173,"column":null}},"53":{"start":{"line":173,"column":48},"end":{"line":173,"column":57}},"54":{"start":{"line":174,"column":19},"end":{"line":174,"column":null}},"55":{"start":{"line":174,"column":49},"end":{"line":174,"column":65}},"56":{"start":{"line":176,"column":2},"end":{"line":185,"column":null}},"57":{"start":{"line":177,"column":4},"end":{"line":177,"column":null}},"58":{"start":{"line":178,"column":4},"end":{"line":178,"column":null}},"59":{"start":{"line":179,"column":4},"end":{"line":179,"column":null}},"60":{"start":{"line":180,"column":4},"end":{"line":184,"column":null}},"61":{"start":{"line":191,"column":16},"end":{"line":195,"column":null}},"62":{"start":{"line":196,"column":2},"end":{"line":198,"column":null}},"63":{"start":{"line":197,"column":4},"end":{"line":197,"column":null}},"64":{"start":{"line":199,"column":2},"end":{"line":199,"column":null}},"65":{"start":{"line":203,"column":2},"end":{"line":204,"column":null}},"66":{"start":{"line":213,"column":2},"end":{"line":213,"column":null}},"67":{"start":{"line":217,"column":2},"end":{"line":217,"column":null}},"68":{"start":{"line":217,"column":16},"end":{"line":217,"column":null}},"69":{"start":{"line":218,"column":14},"end":{"line":218,"column":null}},"70":{"start":{"line":219,"column":17},"end":{"line":219,"column":null}},"71":{"start":{"line":220,"column":2},"end":{"line":220,"column":null}},"72":{"start":{"line":224,"column":16},"end":{"line":224,"column":null}},"73":{"start":{"line":225,"column":2},"end":{"line":225,"column":null}},"74":{"start":{"line":229,"column":2},"end":{"line":229,"column":null}}},"fnMap":{"0":{"name":"prioritize","decl":{"start":{"line":31,"column":16},"end":{"line":31,"column":null}},"loc":{"start":{"line":38,"column":22},"end":{"line":165,"column":null}},"line":38},"1":{"name":"(anonymous_1)","decl":{"start":{"line":63,"column":18},"end":{"line":63,"column":19}},"loc":{"start":{"line":63,"column":25},"end":{"line":63,"column":42}},"line":63},"2":{"name":"(anonymous_2)","decl":{"start":{"line":63,"column":48},"end":{"line":63,"column":49}},"loc":{"start":{"line":63,"column":55},"end":{"line":63,"column":62}},"line":63},"3":{"name":"(anonymous_3)","decl":{"start":{"line":68,"column":14},"end":{"line":68,"column":15}},"loc":{"start":{"line":68,"column":21},"end":{"line":68,"column":38}},"line":68},"4":{"name":"(anonymous_4)","decl":{"start":{"line":70,"column":8},"end":{"line":70,"column":9}},"loc":{"start":{"line":70,"column":15},"end":{"line":70,"column":null}},"line":70},"5":{"name":"(anonymous_5)","decl":{"start":{"line":70,"column":29},"end":{"line":70,"column":30}},"loc":{"start":{"line":70,"column":39},"end":{"line":70,"column":66}},"line":70},"6":{"name":"(anonymous_6)","decl":{"start":{"line":93,"column":44},"end":{"line":93,"column":45}},"loc":{"start":{"line":94,"column":4},"end":{"line":94,"column":null}},"line":94},"7":{"name":"(anonymous_7)","decl":{"start":{"line":98,"column":33},"end":{"line":98,"column":34}},"loc":{"start":{"line":99,"column":6},"end":{"line":99,"column":null}},"line":99},"8":{"name":"(anonymous_8)","decl":{"start":{"line":103,"column":20},"end":{"line":103,"column":21}},"loc":{"start":{"line":103,"column":27},"end":{"line":103,"column":51}},"line":103},"9":{"name":"(anonymous_9)","decl":{"start":{"line":103,"column":57},"end":{"line":103,"column":58}},"loc":{"start":{"line":103,"column":64},"end":{"line":103,"column":71}},"line":103},"10":{"name":"(anonymous_10)","decl":{"start":{"line":130,"column":39},"end":{"line":130,"column":40}},"loc":{"start":{"line":130,"column":46},"end":{"line":130,"column":73}},"line":130},"11":{"name":"(anonymous_11)","decl":{"start":{"line":140,"column":43},"end":{"line":140,"column":44}},"loc":{"start":{"line":140,"column":50},"end":{"line":140,"column":57}},"line":140},"12":{"name":"(anonymous_12)","decl":{"start":{"line":153,"column":13},"end":{"line":153,"column":14}},"loc":{"start":{"line":153,"column":20},"end":{"line":153,"column":67}},"line":153},"13":{"name":"(anonymous_13)","decl":{"start":{"line":163,"column":14},"end":{"line":163,"column":15}},"loc":{"start":{"line":163,"column":24},"end":{"line":163,"column":57}},"line":163},"14":{"name":"normalize","decl":{"start":{"line":169,"column":9},"end":{"line":169,"column":19}},"loc":{"start":{"line":169,"column":53},"end":{"line":186,"column":null}},"line":169},"15":{"name":"(anonymous_15)","decl":{"start":{"line":172,"column":41},"end":{"line":172,"column":42}},"loc":{"start":{"line":172,"column":48},"end":{"line":172,"column":62}},"line":172},"16":{"name":"(anonymous_16)","decl":{"start":{"line":173,"column":41},"end":{"line":173,"column":42}},"loc":{"start":{"line":173,"column":48},"end":{"line":173,"column":57}},"line":173},"17":{"name":"(anonymous_17)","decl":{"start":{"line":174,"column":42},"end":{"line":174,"column":43}},"loc":{"start":{"line":174,"column":49},"end":{"line":174,"column":65}},"line":174},"18":{"name":"buildFlakyDetail","decl":{"start":{"line":190,"column":9},"end":{"line":190,"column":26}},"loc":{"start":{"line":190,"column":49},"end":{"line":200,"column":null}},"line":190},"19":{"name":"buildSlowPipelineDetail","decl":{"start":{"line":202,"column":9},"end":{"line":202,"column":33}},"loc":{"start":{"line":202,"column":56},"end":{"line":208,"column":null}},"line":202},"20":{"name":"shortRepo","decl":{"start":{"line":212,"column":9},"end":{"line":212,"column":19}},"loc":{"start":{"line":212,"column":41},"end":{"line":214,"column":null}},"line":212},"21":{"name":"fmtDuration","decl":{"start":{"line":216,"column":9},"end":{"line":216,"column":21}},"loc":{"start":{"line":216,"column":42},"end":{"line":221,"column":null}},"line":216},"22":{"name":"truncate","decl":{"start":{"line":223,"column":9},"end":{"line":223,"column":18}},"loc":{"start":{"line":223,"column":53},"end":{"line":226,"column":null}},"line":223},"23":{"name":"round2","decl":{"start":{"line":228,"column":9},"end":{"line":228,"column":16}},"loc":{"start":{"line":228,"column":35},"end":{"line":230,"column":null}},"line":228}},"branchMap":{"0":{"loc":{"start":{"line":61,"column":4},"end":{"line":61,"column":null}},"type":"if","locations":[{"start":{"line":61,"column":4},"end":{"line":61,"column":null}},{"start":{},"end":{}}],"line":61},"1":{"loc":{"start":{"line":70,"column":44},"end":{"line":70,"column":66}},"type":"binary-expr","locations":[{"start":{"line":70,"column":44},"end":{"line":70,"column":62}},{"start":{"line":70,"column":62},"end":{"line":70,"column":66}}],"line":70},"2":{"loc":{"start":{"line":96,"column":2},"end":{"line":127,"column":null}},"type":"if","locations":[{"start":{"line":96,"column":2},"end":{"line":127,"column":null}},{"start":{},"end":{}}],"line":96},"3":{"loc":{"start":{"line":101,"column":4},"end":{"line":126,"column":null}},"type":"if","locations":[{"start":{"line":101,"column":4},"end":{"line":126,"column":null}},{"start":{},"end":{}}],"line":101},"4":{"loc":{"start":{"line":107,"column":8},"end":{"line":107,"column":null}},"type":"cond-expr","locations":[{"start":{"line":107,"column":49},"end":{"line":107,"column":77}},{"start":{"line":107,"column":77},"end":{"line":107,"column":null}}],"line":107},"5":{"loc":{"start":{"line":135,"column":21},"end":{"line":135,"column":null}},"type":"binary-expr","locations":[{"start":{"line":135,"column":21},"end":{"line":135,"column":44}},{"start":{"line":135,"column":44},"end":{"line":135,"column":null}}],"line":135},"6":{"loc":{"start":{"line":170,"column":2},"end":{"line":170,"column":null}},"type":"if","locations":[{"start":{"line":170,"column":2},"end":{"line":170,"column":null}},{"start":{},"end":{}}],"line":170},"7":{"loc":{"start":{"line":196,"column":2},"end":{"line":198,"column":null}},"type":"if","locations":[{"start":{"line":196,"column":2},"end":{"line":198,"column":null}},{"start":{},"end":{}}],"line":196},"8":{"loc":{"start":{"line":217,"column":2},"end":{"line":217,"column":null}},"type":"if","locations":[{"start":{"line":217,"column":2},"end":{"line":217,"column":null}},{"start":{},"end":{}}],"line":217},"9":{"loc":{"start":{"line":220,"column":9},"end":{"line":220,"column":null}},"type":"cond-expr","locations":[{"start":{"line":220,"column":22},"end":{"line":220,"column":45}},{"start":{"line":220,"column":45},"end":{"line":220,"column":null}}],"line":220},"10":{"loc":{"start":{"line":225,"column":9},"end":{"line":225,"column":null}},"type":"cond-expr","locations":[{"start":{"line":225,"column":33},"end":{"line":225,"column":64}},{"start":{"line":225,"column":64},"end":{"line":225,"column":null}}],"line":225}},"s":{"0":1,"1":1,"2":1,"3":10,"4":10,"5":11,"6":11,"7":10,"8":22,"9":7,"10":15,"11":483,"12":108,"13":15,"14":483,"15":108,"16":516,"17":15,"18":15,"19":10,"20":21,"21":10,"22":5,"23":11,"24":5,"25":4,"26":121,"27":37,"28":4,"29":4,"30":4,"31":10,"32":54,"33":10,"34":10,"35":9,"36":9,"37":9,"38":9,"39":10,"40":9,"41":9,"42":9,"43":9,"44":10,"45":10,"46":79,"47":10,"48":10,"49":2,"50":8,"51":39,"52":8,"53":39,"54":8,"55":39,"56":8,"57":39,"58":39,"59":39,"60":39,"61":11,"62":11,"63":10,"64":11,"65":15,"66":24,"67":15,"68":0,"69":15,"70":15,"71":15,"72":9,"73":9,"74":156},"f":{"0":10,"1":483,"2":108,"3":483,"4":108,"5":516,"6":21,"7":11,"8":121,"9":37,"10":54,"11":9,"12":9,"13":79,"14":10,"15":39,"16":39,"17":39,"18":11,"19":15,"20":24,"21":15,"22":9,"23":156},"b":{"0":[7,15],"1":[516,72],"2":[5,5],"3":[4,1],"4":[3,1],"5":[9,9],"6":[2,8],"7":[10,1],"8":[0,15],"9":[15,0],"10":[9,0]},"meta":{"lastBranch":11,"lastFunction":24,"lastStatement":75,"seen":{"s:15:32:15:Infinity":0,"s:18:27:18:Infinity":1,"s:21:35:21:Infinity":2,"f:31:16:31:Infinity":0,"s:39:37:39:Infinity":3,"s:42:2:57:Infinity":4,"s:43:20:43:Infinity":5,"s:44:4:56:Infinity":6,"s:60:2:89:Infinity":7,"b:61:4:61:Infinity:undefined:undefined:undefined:undefined":0,"s:61:4:61:Infinity":8,"s:61:34:61:Infinity":9,"s:62:25:64:Infinity":10,"f:63:18:63:19":1,"s:63:25:63:42":11,"f:63:48:63:49":2,"s:63:55:63:62":12,"s:67:30:71:Infinity":13,"f:68:14:68:15":3,"s:68:21:68:38":14,"f:70:8:70:9":4,"s:70:15:70:Infinity":15,"f:70:29:70:30":5,"s:70:39:70:66":16,"b:70:44:70:62:70:62:70:66":1,"s:73:7:74:Infinity":17,"s:76:4:88:Infinity":18,"s:93:28:95:Infinity":19,"f:93:44:93:45":6,"s:94:4:94:Infinity":20,"b:96:2:127:Infinity:undefined:undefined:undefined:undefined":2,"s:96:2:127:Infinity":21,"s:98:21:100:Infinity":22,"f:98:33:98:34":7,"s:99:6:99:Infinity":23,"b:101:4:126:Infinity:undefined:undefined:undefined:undefined":3,"s:101:4:126:Infinity":24,"s:102:23:104:Infinity":25,"f:103:20:103:21":8,"s:103:27:103:51":26,"f:103:57:103:58":9,"s:103:64:103:71":27,"s:107:8:107:Infinity":28,"b:107:49:107:77:107:77:107:Infinity":4,"s:108:23:108:Infinity":29,"s:110:6:125:Infinity":30,"s:130:23:130:Infinity":31,"f:130:39:130:40":10,"s:130:46:130:73":32,"s:132:21:132:Infinity":33,"s:133:2:138:Infinity":34,"s:134:16:134:Infinity":35,"s:135:21:135:Infinity":36,"b:135:21:135:44:135:44:135:Infinity":5,"s:136:4:136:Infinity":37,"s:137:4:137:Infinity":38,"s:139:2:157:Infinity":39,"s:140:19:140:Infinity":40,"f:140:43:140:44":11,"s:140:50:140:57":41,"s:141:4:156:Infinity":42,"f:153:13:153:14":12,"s:153:20:153:67":43,"s:160:2:160:Infinity":44,"s:163:2:163:Infinity":45,"f:163:14:163:15":13,"s:163:24:163:57":46,"s:164:2:164:Infinity":47,"f:169:9:169:19":14,"b:170:2:170:Infinity:undefined:undefined:undefined:undefined":6,"s:170:2:170:Infinity":48,"s:170:27:170:Infinity":49,"s:172:18:172:Infinity":50,"f:172:41:172:42":15,"s:172:48:172:62":51,"s:173:18:173:Infinity":52,"f:173:41:173:42":16,"s:173:48:173:57":53,"s:174:19:174:Infinity":54,"f:174:42:174:43":17,"s:174:49:174:65":55,"s:176:2:185:Infinity":56,"s:177:4:177:Infinity":57,"s:178:4:178:Infinity":58,"s:179:4:179:Infinity":59,"s:180:4:184:Infinity":60,"f:190:9:190:26":18,"s:191:16:195:Infinity":61,"b:196:2:198:Infinity:undefined:undefined:undefined:undefined":7,"s:196:2:198:Infinity":62,"s:197:4:197:Infinity":63,"s:199:2:199:Infinity":64,"f:202:9:202:33":19,"s:203:2:204:Infinity":65,"f:212:9:212:19":20,"s:213:2:213:Infinity":66,"f:216:9:216:21":21,"b:217:2:217:Infinity:undefined:undefined:undefined:undefined":8,"s:217:2:217:Infinity":67,"s:217:16:217:Infinity":68,"s:218:14:218:Infinity":69,"s:219:17:219:Infinity":70,"s:220:2:220:Infinity":71,"b:220:22:220:45:220:45:220:Infinity":9,"f:223:9:223:18":22,"s:224:16:224:Infinity":72,"s:225:2:225:Infinity":73,"b:225:33:225:64:225:64:225:Infinity":10,"f:228:9:228:16":23,"s:229:2:229:Infinity":74}}}
,"C:\\Source\\bloomerang\\src\\analyzers\\time-wasted.ts": {"path":"C:\\Source\\bloomerang\\src\\analyzers\\time-wasted.ts","statementMap":{"0":{"start":{"line":11,"column":17},"end":{"line":11,"column":null}},"1":{"start":{"line":13,"column":23},"end":{"line":13,"column":null}},"2":{"start":{"line":14,"column":21},"end":{"line":14,"column":null}},"3":{"start":{"line":15,"column":46},"end":{"line":15,"column":null}},"4":{"start":{"line":17,"column":2},"end":{"line":22,"column":null}},"5":{"start":{"line":18,"column":4},"end":{"line":18,"column":null}},"6":{"start":{"line":19,"column":4},"end":{"line":19,"column":null}},"7":{"start":{"line":20,"column":4},"end":{"line":21,"column":null}},"8":{"start":{"line":25,"column":2},"end":{"line":27,"column":null}},"9":{"start":{"line":26,"column":4},"end":{"line":26,"column":null}},"10":{"start":{"line":29,"column":25},"end":{"line":29,"column":null}},"11":{"start":{"line":30,"column":32},"end":{"line":30,"column":null}},"12":{"start":{"line":32,"column":2},"end":{"line":38,"column":null}},"13":{"start":{"line":43,"column":17},"end":{"line":43,"column":null}},"14":{"start":{"line":44,"column":2},"end":{"line":49,"column":null}},"15":{"start":{"line":45,"column":16},"end":{"line":45,"column":null}},"16":{"start":{"line":46,"column":21},"end":{"line":46,"column":null}},"17":{"start":{"line":47,"column":4},"end":{"line":47,"column":null}},"18":{"start":{"line":48,"column":4},"end":{"line":48,"column":null}},"19":{"start":{"line":51,"column":31},"end":{"line":51,"column":null}},"20":{"start":{"line":53,"column":2},"end":{"line":85,"column":null}},"21":{"start":{"line":54,"column":4},"end":{"line":54,"column":null}},"22":{"start":{"line":54,"column":30},"end":{"line":54,"column":null}},"23":{"start":{"line":57,"column":19},"end":{"line":60,"column":null}},"24":{"start":{"line":59,"column":8},"end":{"line":59,"column":null}},"25":{"start":{"line":63,"column":23},"end":{"line":65,"column":null}},"26":{"start":{"line":64,"column":6},"end":{"line":64,"column":null}},"27":{"start":{"line":64,"column":25},"end":{"line":64,"column":47}},"28":{"start":{"line":67,"column":4},"end":{"line":67,"column":null}},"29":{"start":{"line":67,"column":33},"end":{"line":67,"column":null}},"30":{"start":{"line":70,"column":30},"end":{"line":74,"column":null}},"31":{"start":{"line":72,"column":8},"end":{"line":72,"column":null}},"32":{"start":{"line":72,"column":41},"end":{"line":72,"column":71}},"33":{"start":{"line":76,"column":4},"end":{"line":84,"column":null}},"34":{"start":{"line":80,"column":32},"end":{"line":80,"column":36}},"35":{"start":{"line":81,"column":42},"end":{"line":81,"column":46}},"36":{"start":{"line":88,"column":2},"end":{"line":88,"column":null}},"37":{"start":{"line":88,"column":24},"end":{"line":88,"column":65}},"38":{"start":{"line":89,"column":2},"end":{"line":89,"column":null}}},"fnMap":{"0":{"name":"analyzeTimeWasted","decl":{"start":{"line":10,"column":16},"end":{"line":10,"column":34}},"loc":{"start":{"line":10,"column":66},"end":{"line":39,"column":null}},"line":10},"1":{"name":"detectRetryChains","decl":{"start":{"line":41,"column":9},"end":{"line":41,"column":27}},"loc":{"start":{"line":41,"column":54},"end":{"line":90,"column":null}},"line":41},"2":{"name":"(anonymous_2)","decl":{"start":{"line":58,"column":6},"end":{"line":58,"column":7}},"loc":{"start":{"line":59,"column":8},"end":{"line":59,"column":null}},"line":59},"3":{"name":"(anonymous_3)","decl":{"start":{"line":63,"column":37},"end":{"line":63,"column":38}},"loc":{"start":{"line":64,"column":6},"end":{"line":64,"column":null}},"line":64},"4":{"name":"(anonymous_4)","decl":{"start":{"line":64,"column":18},"end":{"line":64,"column":19}},"loc":{"start":{"line":64,"column":25},"end":{"line":64,"column":47}},"line":64},"5":{"name":"(anonymous_5)","decl":{"start":{"line":71,"column":6},"end":{"line":71,"column":7}},"loc":{"start":{"line":72,"column":8},"end":{"line":72,"column":null}},"line":72},"6":{"name":"(anonymous_6)","decl":{"start":{"line":72,"column":28},"end":{"line":72,"column":29}},"loc":{"start":{"line":72,"column":41},"end":{"line":72,"column":71}},"line":72},"7":{"name":"(anonymous_7)","decl":{"start":{"line":80,"column":25},"end":{"line":80,"column":26}},"loc":{"start":{"line":80,"column":32},"end":{"line":80,"column":36}},"line":80},"8":{"name":"(anonymous_8)","decl":{"start":{"line":81,"column":35},"end":{"line":81,"column":36}},"loc":{"start":{"line":81,"column":42},"end":{"line":81,"column":46}},"line":81},"9":{"name":"(anonymous_9)","decl":{"start":{"line":88,"column":14},"end":{"line":88,"column":15}},"loc":{"start":{"line":88,"column":24},"end":{"line":88,"column":65}},"line":88}},"branchMap":{"0":{"loc":{"start":{"line":21,"column":7},"end":{"line":21,"column":39}},"type":"binary-expr","locations":[{"start":{"line":21,"column":7},"end":{"line":21,"column":34}},{"start":{"line":21,"column":34},"end":{"line":21,"column":39}}],"line":21},"1":{"loc":{"start":{"line":46,"column":21},"end":{"line":46,"column":null}},"type":"binary-expr","locations":[{"start":{"line":46,"column":21},"end":{"line":46,"column":40}},{"start":{"line":46,"column":40},"end":{"line":46,"column":null}}],"line":46},"2":{"loc":{"start":{"line":54,"column":4},"end":{"line":54,"column":null}},"type":"if","locations":[{"start":{"line":54,"column":4},"end":{"line":54,"column":null}},{"start":{},"end":{}}],"line":54},"3":{"loc":{"start":{"line":67,"column":4},"end":{"line":67,"column":null}},"type":"if","locations":[{"start":{"line":67,"column":4},"end":{"line":67,"column":null}},{"start":{},"end":{}}],"line":67},"4":{"loc":{"start":{"line":72,"column":49},"end":{"line":72,"column":71}},"type":"binary-expr","locations":[{"start":{"line":72,"column":49},"end":{"line":72,"column":67}},{"start":{"line":72,"column":67},"end":{"line":72,"column":71}}],"line":72}},"s":{"0":4,"1":4,"2":4,"3":4,"4":4,"5":48,"6":48,"7":48,"8":4,"9":16,"10":4,"11":4,"12":4,"13":4,"14":4,"15":160,"16":160,"17":160,"18":160,"19":4,"20":4,"21":80,"22":28,"23":52,"24":80,"25":52,"26":132,"27":560,"28":52,"29":4,"30":48,"31":68,"32":336,"33":48,"34":124,"35":68,"36":4,"37":112,"38":4},"f":{"0":4,"1":4,"2":80,"3":132,"4":560,"5":68,"6":336,"7":124,"8":68,"9":112},"b":{"0":[48,16],"1":[160,80],"2":[28,52],"3":[4,48],"4":[336,84]},"meta":{"lastBranch":5,"lastFunction":10,"lastStatement":39,"seen":{"f:10:16:10:34":0,"s:11:17:11:Infinity":0,"s:13:23:13:Infinity":1,"s:14:21:14:Infinity":2,"s:15:46:15:Infinity":3,"s:17:2:22:Infinity":4,"s:18:4:18:Infinity":5,"s:19:4:19:Infinity":6,"s:20:4:21:Infinity":7,"b:21:7:21:34:21:34:21:39":0,"s:25:2:27:Infinity":8,"s:26:4:26:Infinity":9,"s:29:25:29:Infinity":10,"s:30:32:30:Infinity":11,"s:32:2:38:Infinity":12,"f:41:9:41:27":1,"s:43:17:43:Infinity":13,"s:44:2:49:Infinity":14,"s:45:16:45:Infinity":15,"s:46:21:46:Infinity":16,"b:46:21:46:40:46:40:46:Infinity":1,"s:47:4:47:Infinity":17,"s:48:4:48:Infinity":18,"s:51:31:51:Infinity":19,"s:53:2:85:Infinity":20,"b:54:4:54:Infinity:undefined:undefined:undefined:undefined":2,"s:54:4:54:Infinity":21,"s:54:30:54:Infinity":22,"s:57:19:60:Infinity":23,"f:58:6:58:7":2,"s:59:8:59:Infinity":24,"s:63:23:65:Infinity":25,"f:63:37:63:38":3,"s:64:6:64:Infinity":26,"f:64:18:64:19":4,"s:64:25:64:47":27,"b:67:4:67:Infinity:undefined:undefined:undefined:undefined":3,"s:67:4:67:Infinity":28,"s:67:33:67:Infinity":29,"s:70:30:74:Infinity":30,"f:71:6:71:7":5,"s:72:8:72:Infinity":31,"f:72:28:72:29":6,"s:72:41:72:71":32,"b:72:49:72:67:72:67:72:71":4,"s:76:4:84:Infinity":33,"f:80:25:80:26":7,"s:80:32:80:36":34,"f:81:35:81:36":8,"s:81:42:81:46":35,"s:88:2:88:Infinity":36,"f:88:14:88:15":9,"s:88:24:88:65":37,"s:89:2:89:Infinity":38}}}
,"C:\\Source\\bloomerang\\src\\data\\loader.ts": {"path":"C:\\Source\\bloomerang\\src\\data\\loader.ts","statementMap":{"0":{"start":{"line":6,"column":6},"end":{"line":6,"column":null}},"1":{"start":{"line":9,"column":8},"end":{"line":9,"column":null}},"2":{"start":{"line":10,"column":8},"end":{"line":10,"column":null}},"3":{"start":{"line":11,"column":2},"end":{"line":11,"column":null}},"4":{"start":{"line":15,"column":2},"end":{"line":15,"column":null}},"5":{"start":{"line":19,"column":2},"end":{"line":19,"column":null}},"6":{"start":{"line":23,"column":2},"end":{"line":23,"column":null}}},"fnMap":{"0":{"name":"loadJSON","decl":{"start":{"line":8,"column":9},"end":{"line":8,"column":21}},"loc":{"start":{"line":8,"column":42},"end":{"line":12,"column":null}},"line":8},"1":{"name":"loadRuns","decl":{"start":{"line":14,"column":16},"end":{"line":14,"column":36}},"loc":{"start":{"line":14,"column":36},"end":{"line":16,"column":null}},"line":14},"2":{"name":"loadWorkflows","decl":{"start":{"line":18,"column":16},"end":{"line":18,"column":46}},"loc":{"start":{"line":18,"column":46},"end":{"line":20,"column":null}},"line":18},"3":{"name":"loadFeedback","decl":{"start":{"line":22,"column":16},"end":{"line":22,"column":45}},"loc":{"start":{"line":22,"column":45},"end":{"line":24,"column":null}},"line":22}},"branchMap":{},"s":{"0":1,"1":26,"2":26,"3":26,"4":14,"5":7,"6":5},"f":{"0":26,"1":14,"2":7,"3":5},"b":{},"meta":{"lastBranch":0,"lastFunction":4,"lastStatement":7,"seen":{"s:6:6:6:Infinity":0,"f:8:9:8:21":0,"s:9:8:9:Infinity":1,"s:10:8:10:Infinity":2,"s:11:2:11:Infinity":3,"f:14:16:14:36":1,"s:15:2:15:Infinity":4,"f:18:16:18:46":2,"s:19:2:19:Infinity":5,"f:22:16:22:45":3,"s:23:2:23:Infinity":6}}}
}
